Using pre-set license
Built from '2020.3/staging' branch; Version is '2020.3.0f1 (c7b5465681fb) revision 13088070'; Using compiler version '192528614'; Build Type 'Release'
OS: 'Windows 10 Home Single Language; OS build 19042.867; Version 2009; 64bit' Language: 'en' Physical Memory: 6081 MB
BatchMode: 1, IsHumanControllingUs: 0, StartBugReporterOnCrash: 0, Is64bit: 1, IsPro: 0

 COMMAND LINE ARGUMENTS:
C:\Program Files\Unity\Hub\Editor\2020.3.0f1\Editor\Unity.exe
-adb2
-batchMode
-noUpm
-name
AssetImportWorker1
-projectPath
C:/Users/Yashraj/Desktop/github/Snakes-And-Ladders-2.0
-logFile
Logs/AssetImportWorker1.log
-srvPort
63523
Successfully changed project path to: C:/Users/Yashraj/Desktop/github/Snakes-And-Ladders-2.0
C:/Users/Yashraj/Desktop/github/Snakes-And-Ladders-2.0
Using Asset Import Pipeline V2.
Refreshing native plugins compatible for Editor in 79.18 ms, found 0 plugins.
Preloading 0 native plugins for Editor in 0.00 ms.
Initialize engine version: 2020.3.0f1 (c7b5465681fb)
[Subsystems] Discovering subsystems at path C:/Program Files/Unity/Hub/Editor/2020.3.0f1/Editor/Data/Resources/UnitySubsystems
[Subsystems] Discovering subsystems at path C:/Users/Yashraj/Desktop/github/Snakes-And-Ladders-2.0/Assets
GfxDevice: creating device client; threaded=0
Direct3D:
    Version:  Direct3D 11.0 [level 11.1]
    Renderer: AMD Radeon(TM) Graphics (ID=0x15d8)
    Vendor:   
    VRAM:     3040 MB
    Driver:   27.20.11030.11001
Shader 'Universal Render Pipeline/Particles/Lit': fallback shader 'Universal Render Pipeline/Particles/SimpleLit' not found
Initialize mono
Mono path[0] = 'C:/Program Files/Unity/Hub/Editor/2020.3.0f1/Editor/Data/Managed'
Mono path[1] = 'C:/Program Files/Unity/Hub/Editor/2020.3.0f1/Editor/Data/MonoBleedingEdge/lib/mono/unityjit'
Mono config path = 'C:/Program Files/Unity/Hub/Editor/2020.3.0f1/Editor/Data/MonoBleedingEdge/etc'
Using monoOptions --debugger-agent=transport=dt_socket,embedding=1,server=y,suspend=n,address=127.0.0.1:56320
Begin MonoManager ReloadAssembly
Registering precompiled unity dll's ...
Register platform support module: C:/Program Files/Unity/Hub/Editor/2020.3.0f1/Editor/Data/PlaybackEngines/WindowsStandaloneSupport/UnityEditor.WindowsStandalone.Extensions.dll
Registered in 0.004206 seconds.
Native extension for WindowsStandalone target not found
Refreshing native plugins compatible for Editor in 78.44 ms, found 0 plugins.
Preloading 0 native plugins for Editor in 0.00 ms.
Invoked RoslynAnalysisRunner static constructor.
RoslynAnalysisRunner will not be running.
RoslynAnalysisRunner has terminated.
Mono: successfully reloaded assembly
- Completed reload, in  1.766 seconds
Platform modules already initialized, skipping
Registering precompiled user dll's ...
Registered in 0.007158 seconds.
Begin MonoManager ReloadAssembly
Native extension for WindowsStandalone target not found
Refreshing native plugins compatible for Editor in 85.91 ms, found 0 plugins.
Preloading 0 native plugins for Editor in 0.00 ms.
Invoked RoslynAnalysisRunner static constructor.
RoslynAnalysisRunner will not be running.
RoslynAnalysisRunner has terminated.
Mono: successfully reloaded assembly
- Completed reload, in  3.940 seconds
Platform modules already initialized, skipping
========================================================================
Worker process is ready to serve import requests
Shader 'Universal Render Pipeline/Particles/Lit': fallback shader 'Universal Render Pipeline/Particles/SimpleLit' not found
Launched and connected shader compiler UnityShaderCompiler.exe after 0.07 seconds
Refreshing native plugins compatible for Editor in 0.89 ms, found 0 plugins.
Preloading 0 native plugins for Editor in 0.00 ms.
Unloading 2454 Unused Serialized files (Serialized files now loaded: 0)
System memory in use before: 112.6 MB.
System memory in use after: 74.4 MB.

Unloading 19 unused Assets to reduce memory usage. Loaded Objects now: 2899.
Total: 4.808900 ms (FindLiveObjects: 0.599700 ms CreateObjectMapping: 0.181300 ms MarkObjects: 3.894400 ms  DeleteObjects: 0.131200 ms)

========================================================================
Received Import Request.
  path: Assets/Scenes/Menu.unity
  artifactKey: Guid(6aea35c5f0c286c4282506964c73457f) Importer(815301076,1909f56bfc062723c751e8b465ee728b)
Start importing Assets/Scenes/Menu.unity using Guid(6aea35c5f0c286c4282506964c73457f) Importer(815301076,1909f56bfc062723c751e8b465ee728b)  -> (artifact id: '054aef31174467ff8770e50c18edc2ea') in 0.038564 seconds
  Import took 0.044027 seconds .

========================================================================
Received Import Request.
  Time since last request: 0.000301 seconds.
  path: Assets/Scripts/MainMenu.cs
  artifactKey: Guid(bf4fa8fbdc09f514aa8d857dd456df4c) Importer(815301076,1909f56bfc062723c751e8b465ee728b)
Start importing Assets/Scripts/MainMenu.cs using Guid(bf4fa8fbdc09f514aa8d857dd456df4c) Importer(815301076,1909f56bfc062723c751e8b465ee728b)  -> (artifact id: '31fd9a206f88f33628e7a058de416b49') in 0.033992 seconds
  Import took 0.039085 seconds .

========================================================================
Received Import Request.
  Time since last request: 0.000246 seconds.
  path: Assets/Scenes/SampleScene.unity
  artifactKey: Guid(9fc0d4010bbf28b4594072e72b8655ab) Importer(815301076,1909f56bfc062723c751e8b465ee728b)
Start importing Assets/Scenes/SampleScene.unity using Guid(9fc0d4010bbf28b4594072e72b8655ab) Importer(815301076,1909f56bfc062723c751e8b465ee728b)  -> (artifact id: 'cac03345008d54455781eba099167eb4') in 0.034798 seconds
  Import took 0.041626 seconds .

========================================================================
Received Import Request.
  Time since last request: 11.915025 seconds.
  path: Assets/Scripts/GameAuthLogic.cs
  artifactKey: Guid(a3d865eb25925344fa33341cf5361d98) Importer(815301076,1909f56bfc062723c751e8b465ee728b)
Start importing Assets/Scripts/GameAuthLogic.cs using Guid(a3d865eb25925344fa33341cf5361d98) Importer(815301076,1909f56bfc062723c751e8b465ee728b)  -> (artifact id: '16904c9895290ca71ee0b9fed042117e') in 0.006535 seconds
  Import took 0.018241 seconds .

========================================================================
Received Import Request.
  Time since last request: 3.756637 seconds.
  path: Assets/Scripts/GameDatabaseLogic.cs
  artifactKey: Guid(9f6e29f5480376d48a2beddd4ba0913e) Importer(815301076,1909f56bfc062723c751e8b465ee728b)
Start importing Assets/Scripts/GameDatabaseLogic.cs using Guid(9f6e29f5480376d48a2beddd4ba0913e) Importer(815301076,1909f56bfc062723c751e8b465ee728b)  -> (artifact id: '67c0980176598f0bb50609cd28ff4d85') in 0.005557 seconds
  Import took 0.011840 seconds .

========================================================================
Received Import Request.
  Time since last request: 0.001317 seconds.
  path: Assets/Scripts/GameDatabaseLogic.cs
  artifactKey: Guid(9f6e29f5480376d48a2beddd4ba0913e) Importer(815301076,1909f56bfc062723c751e8b465ee728b)
Start importing Assets/Scripts/GameDatabaseLogic.cs using Guid(9f6e29f5480376d48a2beddd4ba0913e) Importer(815301076,1909f56bfc062723c751e8b465ee728b)  -> (artifact id: '67c0980176598f0bb50609cd28ff4d85') in 0.004684 seconds
  Import took 0.010462 seconds .

========================================================================
Received Import Request.
  Time since last request: 1.902042 seconds.
  path: Assets/Scripts/LuckyMenu.cs
  artifactKey: Guid(f35f583820b995f498b16514944cba3e) Importer(815301076,1909f56bfc062723c751e8b465ee728b)
Start importing Assets/Scripts/LuckyMenu.cs using Guid(f35f583820b995f498b16514944cba3e) Importer(815301076,1909f56bfc062723c751e8b465ee728b)  -> (artifact id: '805ac51324c12fea91b32cfcddc74462') in 0.003657 seconds
  Import took 0.012412 seconds .

========================================================================
Received Import Request.
  Time since last request: 0.001982 seconds.
  path: Assets/Scripts/LuckyMenu.cs
  artifactKey: Guid(f35f583820b995f498b16514944cba3e) Importer(815301076,1909f56bfc062723c751e8b465ee728b)
Start importing Assets/Scripts/LuckyMenu.cs using Guid(f35f583820b995f498b16514944cba3e) Importer(815301076,1909f56bfc062723c751e8b465ee728b)  -> (artifact id: '805ac51324c12fea91b32cfcddc74462') in 0.005344 seconds
  Import took 0.010465 seconds .

========================================================================
Received Import Request.
  Time since last request: 1.023511 seconds.
  path: Assets/Scripts/LuckyTextDisplay.cs
  artifactKey: Guid(6ac462115cfd7be41bf39fc43f2f3378) Importer(815301076,1909f56bfc062723c751e8b465ee728b)
Start importing Assets/Scripts/LuckyTextDisplay.cs using Guid(6ac462115cfd7be41bf39fc43f2f3378) Importer(815301076,1909f56bfc062723c751e8b465ee728b)  -> (artifact id: '5178fbc467762ec7339dcfb07c8df495') in 0.003677 seconds
  Import took 0.010253 seconds .

========================================================================
Received Import Request.
  Time since last request: 5.762286 seconds.
  path: Assets/Scripts/Destroyer.cs
  artifactKey: Guid(21dd27af8c516a64686447e7194f7e22) Importer(815301076,1909f56bfc062723c751e8b465ee728b)
Start importing Assets/Scripts/Destroyer.cs using Guid(21dd27af8c516a64686447e7194f7e22) Importer(815301076,1909f56bfc062723c751e8b465ee728b)  -> (artifact id: '10be856e5e20ca620c286fbc602e2324') in 0.017910 seconds
  Import took 0.027684 seconds .

========================================================================
Received Import Request.
  Time since last request: 0.003085 seconds.
  path: Assets/Scripts/Destroyer.cs
  artifactKey: Guid(21dd27af8c516a64686447e7194f7e22) Importer(815301076,1909f56bfc062723c751e8b465ee728b)
Start importing Assets/Scripts/Destroyer.cs using Guid(21dd27af8c516a64686447e7194f7e22) Importer(815301076,1909f56bfc062723c751e8b465ee728b)  -> (artifact id: '10be856e5e20ca620c286fbc602e2324') in 0.005601 seconds
  Import took 0.015280 seconds .

========================================================================
Received Import Request.
  Time since last request: 11.158081 seconds.
  path: Assets/Scripts/DiceRoller.cs
  artifactKey: Guid(cce8f0c24cbfb914388e7cbae9625d7e) Importer(815301076,1909f56bfc062723c751e8b465ee728b)
Start importing Assets/Scripts/DiceRoller.cs using Guid(cce8f0c24cbfb914388e7cbae9625d7e) Importer(815301076,1909f56bfc062723c751e8b465ee728b)  -> (artifact id: '85941d01c07a62c9ff03ec896941774c') in 0.006045 seconds
  Import took 0.015126 seconds .

========================================================================
Received Import Request.
  Time since last request: 0.010522 seconds.
  path: Assets/Scripts/DiceRoller.cs
  artifactKey: Guid(cce8f0c24cbfb914388e7cbae9625d7e) Importer(815301076,1909f56bfc062723c751e8b465ee728b)
Start importing Assets/Scripts/DiceRoller.cs using Guid(cce8f0c24cbfb914388e7cbae9625d7e) Importer(815301076,1909f56bfc062723c751e8b465ee728b)  -> (artifact id: '85941d01c07a62c9ff03ec896941774c') in 0.018693 seconds
  Import took 0.027323 seconds .

========================================================================
Received Import Request.
  Time since last request: 7.529213 seconds.
  path: Assets/Scripts/mouseCursor.cs
  artifactKey: Guid(26c38270a7a67714b8819e198b40b568) Importer(815301076,1909f56bfc062723c751e8b465ee728b)
Start importing Assets/Scripts/mouseCursor.cs using Guid(26c38270a7a67714b8819e198b40b568) Importer(815301076,1909f56bfc062723c751e8b465ee728b)  -> (artifact id: '1b654ded9892d759e7044d3d84973d60') in 0.013923 seconds
  Import took 0.025366 seconds .

========================================================================
Received Import Request.
  Time since last request: 0.002586 seconds.
  path: Assets/Scripts/mouseCursor.cs
  artifactKey: Guid(26c38270a7a67714b8819e198b40b568) Importer(815301076,1909f56bfc062723c751e8b465ee728b)
Start importing Assets/Scripts/mouseCursor.cs using Guid(26c38270a7a67714b8819e198b40b568) Importer(815301076,1909f56bfc062723c751e8b465ee728b)  -> (artifact id: '1b654ded9892d759e7044d3d84973d60') in 0.006145 seconds
  Import took 0.019810 seconds .

========================================================================
Received Import Request.
  Time since last request: 5.958207 seconds.
  path: Assets/Scripts/UserModelClass.cs
  artifactKey: Guid(2ff09f6d01f77924fb40bce3d44af3ed) Importer(815301076,1909f56bfc062723c751e8b465ee728b)
Start importing Assets/Scripts/UserModelClass.cs using Guid(2ff09f6d01f77924fb40bce3d44af3ed) Importer(815301076,1909f56bfc062723c751e8b465ee728b)  -> (artifact id: '2ce1f3fd35734af1767909acf8b0c4b6') in 0.008311 seconds
  Import took 0.018995 seconds .

========================================================================
Received Import Request.
  Time since last request: 0.002774 seconds.
  path: Assets/Scripts/UserModelClass.cs
  artifactKey: Guid(2ff09f6d01f77924fb40bce3d44af3ed) Importer(815301076,1909f56bfc062723c751e8b465ee728b)
Start importing Assets/Scripts/UserModelClass.cs using Guid(2ff09f6d01f77924fb40bce3d44af3ed) Importer(815301076,1909f56bfc062723c751e8b465ee728b)  -> (artifact id: '2ce1f3fd35734af1767909acf8b0c4b6') in 0.007029 seconds
  Import took 0.016795 seconds .

========================================================================
Received Import Request.
  Time since last request: 3.763093 seconds.
  path: Assets/Scripts/WinningMenu.cs
  artifactKey: Guid(7812878719ad2b342b911fb847551fd0) Importer(815301076,1909f56bfc062723c751e8b465ee728b)
Start importing Assets/Scripts/WinningMenu.cs using Guid(7812878719ad2b342b911fb847551fd0) Importer(815301076,1909f56bfc062723c751e8b465ee728b)  -> (artifact id: '47d99d2fc296118b70bd6c6625e02ae1') in 0.008065 seconds
  Import took 0.020997 seconds .

========================================================================
Received Import Request.
  Time since last request: 0.001034 seconds.
  path: Assets/Scripts/WinningMenu.cs
  artifactKey: Guid(7812878719ad2b342b911fb847551fd0) Importer(815301076,1909f56bfc062723c751e8b465ee728b)
Start importing Assets/Scripts/WinningMenu.cs using Guid(7812878719ad2b342b911fb847551fd0) Importer(815301076,1909f56bfc062723c751e8b465ee728b)  -> (artifact id: '47d99d2fc296118b70bd6c6625e02ae1') in 0.008954 seconds
  Import took 0.017464 seconds .

========================================================================
Received Import Request.
  Time since last request: 0.929696 seconds.
  path: Assets/Scripts/PauseMenu.cs
  artifactKey: Guid(889e26f417d761e43a2c4814938494ad) Importer(815301076,1909f56bfc062723c751e8b465ee728b)
Start importing Assets/Scripts/PauseMenu.cs using Guid(889e26f417d761e43a2c4814938494ad) Importer(815301076,1909f56bfc062723c751e8b465ee728b)  -> (artifact id: 'e1ed7372ade5e2db99dafe952284b4bf') in 0.006550 seconds
  Import took 0.016852 seconds .

========================================================================
Received Import Request.
  Time since last request: 0.492270 seconds.
  path: Assets/Scripts/Player1Details.cs
  artifactKey: Guid(490dd84d67c114848bb942c8ba37e065) Importer(815301076,1909f56bfc062723c751e8b465ee728b)
Start importing Assets/Scripts/Player1Details.cs using Guid(490dd84d67c114848bb942c8ba37e065) Importer(815301076,1909f56bfc062723c751e8b465ee728b)  -> (artifact id: '98619b3c5ff8ef9c301ba05fe20707bc') in 0.007907 seconds
  Import took 0.019148 seconds .

========================================================================
Received Import Request.
  Time since last request: 0.005612 seconds.
  path: Assets/Scripts/Player1Details.cs
  artifactKey: Guid(490dd84d67c114848bb942c8ba37e065) Importer(815301076,1909f56bfc062723c751e8b465ee728b)
Start importing Assets/Scripts/Player1Details.cs using Guid(490dd84d67c114848bb942c8ba37e065) Importer(815301076,1909f56bfc062723c751e8b465ee728b)  -> (artifact id: '98619b3c5ff8ef9c301ba05fe20707bc') in 0.008538 seconds
  Import took 0.017397 seconds .

========================================================================
Received Import Request.
  Time since last request: 0.433233 seconds.
  path: Assets/Scripts/Player1Piece.cs
  artifactKey: Guid(816f57e6d29237a4b8b4732d8a1df3a2) Importer(815301076,1909f56bfc062723c751e8b465ee728b)
Start importing Assets/Scripts/Player1Piece.cs using Guid(816f57e6d29237a4b8b4732d8a1df3a2) Importer(815301076,1909f56bfc062723c751e8b465ee728b)  -> (artifact id: '1482394b38de9cadc6519b56145613df') in 0.007724 seconds
  Import took 0.017567 seconds .

========================================================================
Received Import Request.
  Time since last request: 0.025043 seconds.
  path: Assets/Scripts/Player1Piece.cs
  artifactKey: Guid(816f57e6d29237a4b8b4732d8a1df3a2) Importer(815301076,1909f56bfc062723c751e8b465ee728b)
Start importing Assets/Scripts/Player1Piece.cs using Guid(816f57e6d29237a4b8b4732d8a1df3a2) Importer(815301076,1909f56bfc062723c751e8b465ee728b)  -> (artifact id: '1482394b38de9cadc6519b56145613df') in 0.007806 seconds
  Import took 0.017832 seconds .

========================================================================
Received Import Request.
  Time since last request: 2.257879 seconds.
  path: Assets/Scripts/StateManager.cs
  artifactKey: Guid(856575ef55fd4464c8e1dd3792bf247e) Importer(815301076,1909f56bfc062723c751e8b465ee728b)
Start importing Assets/Scripts/StateManager.cs using Guid(856575ef55fd4464c8e1dd3792bf247e) Importer(815301076,1909f56bfc062723c751e8b465ee728b)  -> (artifact id: '4fd56cfd2da98ece9a6ad5f00b1df8e1') in 0.007895 seconds
  Import took 0.018039 seconds .

========================================================================
Received Import Request.
  Time since last request: 0.006195 seconds.
  path: Assets/Scripts/StateManager.cs
  artifactKey: Guid(856575ef55fd4464c8e1dd3792bf247e) Importer(815301076,1909f56bfc062723c751e8b465ee728b)
Start importing Assets/Scripts/StateManager.cs using Guid(856575ef55fd4464c8e1dd3792bf247e) Importer(815301076,1909f56bfc062723c751e8b465ee728b)  -> (artifact id: '4fd56cfd2da98ece9a6ad5f00b1df8e1') in 0.005706 seconds
  Import took 0.016418 seconds .

========================================================================
Received Import Request.
  Time since last request: 0.688183 seconds.
  path: Assets/Scripts/Tile.cs
  artifactKey: Guid(34c8e6cd23007ca498a34da22471fc8c) Importer(815301076,1909f56bfc062723c751e8b465ee728b)
Start importing Assets/Scripts/Tile.cs using Guid(34c8e6cd23007ca498a34da22471fc8c) Importer(815301076,1909f56bfc062723c751e8b465ee728b)  -> (artifact id: 'b2325f8f22a8d051f7e64721a0731312') in 0.030706 seconds
  Import took 0.037743 seconds .

========================================================================
Received Prepare
Registering precompiled user dll's ...
Registered in 0.045365 seconds.
Begin MonoManager ReloadAssembly
Native extension for WindowsStandalone target not found
Refreshing native plugins compatible for Editor in 1.19 ms, found 4 plugins.
Preloading 0 native plugins for Editor in 0.00 ms.
Invoked RoslynAnalysisRunner static constructor.
RoslynAnalysisRunner will not be running.
RoslynAnalysisRunner has terminated.
Mono: successfully reloaded assembly
- Completed reload, in  1.577 seconds
Platform modules already initialized, skipping
Shader 'Universal Render Pipeline/Particles/Lit': fallback shader 'Universal Render Pipeline/Particles/SimpleLit' not found
Refreshing native plugins compatible for Editor in 5.77 ms, found 4 plugins.
Preloading 0 native plugins for Editor in 0.00 ms.
Unloading 2407 Unused Serialized files (Serialized files now loaded: 0)
System memory in use before: 108.8 MB.
System memory in use after: 109.0 MB.

Unloading 42 unused Assets to reduce memory usage. Loaded Objects now: 2905.
Total: 10.782800 ms (FindLiveObjects: 0.633600 ms CreateObjectMapping: 0.239400 ms MarkObjects: 9.726000 ms  DeleteObjects: 0.179900 ms)

========================================================================
Received Prepare
Registering precompiled user dll's ...
Registered in 0.019046 seconds.
Begin MonoManager ReloadAssembly
Native extension for WindowsStandalone target not found
Refreshing native plugins compatible for Editor in 0.91 ms, found 4 plugins.
Preloading 0 native plugins for Editor in 0.00 ms.
Invoked RoslynAnalysisRunner static constructor.
RoslynAnalysisRunner will not be running.
RoslynAnalysisRunner has terminated.
Mono: successfully reloaded assembly
- Completed reload, in  1.572 seconds
Platform modules already initialized, skipping
Shader 'Universal Render Pipeline/Particles/Lit': fallback shader 'Universal Render Pipeline/Particles/SimpleLit' not found
Refreshing native plugins compatible for Editor in 1.41 ms, found 4 plugins.
Preloading 0 native plugins for Editor in 0.00 ms.
Unloading 2407 Unused Serialized files (Serialized files now loaded: 0)
System memory in use before: 108.8 MB.
System memory in use after: 109.1 MB.

Unloading 42 unused Assets to reduce memory usage. Loaded Objects now: 2908.
Total: 4.437800 ms (FindLiveObjects: 0.691400 ms CreateObjectMapping: 0.241500 ms MarkObjects: 3.456000 ms  DeleteObjects: 0.046600 ms)

========================================================================
Received Import Request.
  Time since last request: 654.416321 seconds.
  path: Assets/Scripts/DiceRoller.cs
  artifactKey: Guid(cce8f0c24cbfb914388e7cbae9625d7e) Importer(815301076,1909f56bfc062723c751e8b465ee728b)
Start importing Assets/Scripts/DiceRoller.cs using Guid(cce8f0c24cbfb914388e7cbae9625d7e) Importer(815301076,1909f56bfc062723c751e8b465ee728b)  -> (artifact id: 'a6a2c261ea241079935537b9c80ba3bf') in 0.009752 seconds
  Import took 0.015080 seconds .

========================================================================
Received Prepare
Registering precompiled user dll's ...
Registered in 0.015050 seconds.
Begin MonoManager ReloadAssembly
Native extension for WindowsStandalone target not found
Refreshing native plugins compatible for Editor in 2.41 ms, found 4 plugins.
Preloading 0 native plugins for Editor in 0.00 ms.
Invoked RoslynAnalysisRunner static constructor.
RoslynAnalysisRunner will not be running.
RoslynAnalysisRunner has terminated.
Mono: successfully reloaded assembly
- Completed reload, in  2.223 seconds
Platform modules already initialized, skipping
Shader 'Universal Render Pipeline/Particles/Lit': fallback shader 'Universal Render Pipeline/Particles/SimpleLit' not found
Refreshing native plugins compatible for Editor in 1.59 ms, found 4 plugins.
Preloading 0 native plugins for Editor in 0.00 ms.
Unloading 2407 Unused Serialized files (Serialized files now loaded: 0)
System memory in use before: 108.9 MB.
System memory in use after: 109.1 MB.

Unloading 42 unused Assets to reduce memory usage. Loaded Objects now: 2911.
Total: 6.661500 ms (FindLiveObjects: 0.793500 ms CreateObjectMapping: 0.125000 ms MarkObjects: 5.626100 ms  DeleteObjects: 0.111000 ms)

========================================================================
Received Prepare
Registering precompiled user dll's ...
Registered in 0.018451 seconds.
Begin MonoManager ReloadAssembly
Native extension for WindowsStandalone target not found
Refreshing native plugins compatible for Editor in 0.98 ms, found 4 plugins.
Preloading 0 native plugins for Editor in 0.00 ms.
Invoked RoslynAnalysisRunner static constructor.
RoslynAnalysisRunner will not be running.
RoslynAnalysisRunner has terminated.
Mono: successfully reloaded assembly
- Completed reload, in  1.475 seconds
Platform modules already initialized, skipping
Shader 'Universal Render Pipeline/Particles/Lit': fallback shader 'Universal Render Pipeline/Particles/SimpleLit' not found
Refreshing native plugins compatible for Editor in 1.40 ms, found 4 plugins.
Preloading 0 native plugins for Editor in 0.00 ms.
Unloading 2407 Unused Serialized files (Serialized files now loaded: 0)
System memory in use before: 108.9 MB.
System memory in use after: 109.1 MB.

Unloading 42 unused Assets to reduce memory usage. Loaded Objects now: 2914.
Total: 4.398600 ms (FindLiveObjects: 0.931400 ms CreateObjectMapping: 0.531500 ms MarkObjects: 2.898100 ms  DeleteObjects: 0.035100 ms)

========================================================================
Received Import Request.
  Time since last request: 591.237651 seconds.
  path: Assets/Scripts/StateManager.cs
  artifactKey: Guid(856575ef55fd4464c8e1dd3792bf247e) Importer(815301076,1909f56bfc062723c751e8b465ee728b)
Start importing Assets/Scripts/StateManager.cs using Guid(856575ef55fd4464c8e1dd3792bf247e) Importer(815301076,1909f56bfc062723c751e8b465ee728b)  -> (artifact id: '8846b1ce5b469bf5b15a8f80e730e40f') in 0.018696 seconds
  Import took 0.043027 seconds .

========================================================================
Received Prepare
Registering precompiled user dll's ...
Registered in 0.035777 seconds.
Begin MonoManager ReloadAssembly
Native extension for WindowsStandalone target not found
Refreshing native plugins compatible for Editor in 2.24 ms, found 4 plugins.
Preloading 0 native plugins for Editor in 0.00 ms.
Invoked RoslynAnalysisRunner static constructor.
RoslynAnalysisRunner will not be running.
RoslynAnalysisRunner has terminated.
Mono: successfully reloaded assembly
- Completed reload, in  3.504 seconds
Platform modules already initialized, skipping
Shader 'Universal Render Pipeline/Particles/Lit': fallback shader 'Universal Render Pipeline/Particles/SimpleLit' not found
Refreshing native plugins compatible for Editor in 2.79 ms, found 4 plugins.
Preloading 0 native plugins for Editor in 0.00 ms.
Unloading 2407 Unused Serialized files (Serialized files now loaded: 0)
System memory in use before: 108.8 MB.
System memory in use after: 109.0 MB.

Unloading 42 unused Assets to reduce memory usage. Loaded Objects now: 2917.
Total: 8.965500 ms (FindLiveObjects: 1.556200 ms CreateObjectMapping: 0.666100 ms MarkObjects: 6.547200 ms  DeleteObjects: 0.122100 ms)

========================================================================
Received Prepare
Registering precompiled user dll's ...
Registered in 0.021126 seconds.
Begin MonoManager ReloadAssembly
Native extension for WindowsStandalone target not found
Refreshing native plugins compatible for Editor in 3.10 ms, found 4 plugins.
Preloading 0 native plugins for Editor in 0.00 ms.
Invoked RoslynAnalysisRunner static constructor.
RoslynAnalysisRunner will not be running.
RoslynAnalysisRunner has terminated.
Mono: successfully reloaded assembly
- Completed reload, in  3.343 seconds
Platform modules already initialized, skipping
Shader 'Universal Render Pipeline/Particles/Lit': fallback shader 'Universal Render Pipeline/Particles/SimpleLit' not found
Refreshing native plugins compatible for Editor in 2.45 ms, found 4 plugins.
Preloading 0 native plugins for Editor in 0.00 ms.
Unloading 2407 Unused Serialized files (Serialized files now loaded: 0)
System memory in use before: 108.9 MB.
System memory in use after: 109.1 MB.

Unloading 42 unused Assets to reduce memory usage. Loaded Objects now: 2920.
Total: 9.925000 ms (FindLiveObjects: 1.072300 ms CreateObjectMapping: 0.623100 ms MarkObjects: 8.163400 ms  DeleteObjects: 0.062800 ms)

========================================================================
Received Prepare
Registering precompiled user dll's ...
Registered in 0.039182 seconds.
Begin MonoManager ReloadAssembly
Native extension for WindowsStandalone target not found
Refreshing native plugins compatible for Editor in 1.97 ms, found 4 plugins.
Preloading 0 native plugins for Editor in 0.00 ms.
Invoked RoslynAnalysisRunner static constructor.
RoslynAnalysisRunner will not be running.
RoslynAnalysisRunner has terminated.
Mono: successfully reloaded assembly
- Completed reload, in  3.626 seconds
Platform modules already initialized, skipping
Shader 'Universal Render Pipeline/Particles/Lit': fallback shader 'Universal Render Pipeline/Particles/SimpleLit' not found
Refreshing native plugins compatible for Editor in 3.23 ms, found 4 plugins.
Preloading 0 native plugins for Editor in 0.00 ms.
Unloading 2407 Unused Serialized files (Serialized files now loaded: 0)
System memory in use before: 108.9 MB.
System memory in use after: 109.1 MB.

Unloading 42 unused Assets to reduce memory usage. Loaded Objects now: 2923.
Total: 10.142900 ms (FindLiveObjects: 1.637700 ms CreateObjectMapping: 1.042300 ms MarkObjects: 7.341400 ms  DeleteObjects: 0.117200 ms)

========================================================================
Received Import Request.
  Time since last request: 299.575716 seconds.
  path: Assets/Scenes/Button_select.anim
  artifactKey: Guid(00f400522f563e140a268ae162727437) Importer(815301076,1909f56bfc062723c751e8b465ee728b)
Start importing Assets/Scenes/Button_select.anim using Guid(00f400522f563e140a268ae162727437) Importer(815301076,1909f56bfc062723c751e8b465ee728b)  -> (artifact id: 'dc253a6abccddf2e922f75d70102b550') in 0.116776 seconds
  Import took 0.138249 seconds .

========================================================================
Received Import Request.
  Time since last request: 0.046248 seconds.
  path: Assets/Scenes/Button_select.anim
  artifactKey: Guid(00f400522f563e140a268ae162727437) Importer(815301076,1909f56bfc062723c751e8b465ee728b)
Start importing Assets/Scenes/Button_select.anim using Guid(00f400522f563e140a268ae162727437) Importer(815301076,1909f56bfc062723c751e8b465ee728b)  -> (artifact id: 'dc253a6abccddf2e922f75d70102b550') in 0.005184 seconds
  Import took 0.010837 seconds .

========================================================================
Received Import Request.
  Time since last request: 0.231545 seconds.
  path: Assets/Scenes/Menu.unity
  artifactKey: Guid(6aea35c5f0c286c4282506964c73457f) Importer(815301076,1909f56bfc062723c751e8b465ee728b)
Start importing Assets/Scenes/Menu.unity using Guid(6aea35c5f0c286c4282506964c73457f) Importer(815301076,1909f56bfc062723c751e8b465ee728b)  -> (artifact id: '0d7c5f59a3d2726a9a06f4fe905da982') in 0.005990 seconds
  Import took 0.034392 seconds .

========================================================================
Received Import Request.
  Time since last request: 48.160576 seconds.
  path: Assets/Scenes/Menu.unity
  artifactKey: Guid(6aea35c5f0c286c4282506964c73457f) Importer(815301076,1909f56bfc062723c751e8b465ee728b)
Start importing Assets/Scenes/Menu.unity using Guid(6aea35c5f0c286c4282506964c73457f) Importer(815301076,1909f56bfc062723c751e8b465ee728b)  -> (artifact id: '46fee12d1ba05f6b37b262c8d70fa12f') in 0.023946 seconds
  Import took 0.079859 seconds .

========================================================================
Received Prepare
Registering precompiled user dll's ...
Registered in 0.016785 seconds.
Begin MonoManager ReloadAssembly
Native extension for WindowsStandalone target not found
Refreshing native plugins compatible for Editor in 1.20 ms, found 4 plugins.
Preloading 0 native plugins for Editor in 0.00 ms.
Invoked RoslynAnalysisRunner static constructor.
RoslynAnalysisRunner will not be running.
RoslynAnalysisRunner has terminated.
Mono: successfully reloaded assembly
- Completed reload, in  1.244 seconds
Platform modules already initialized, skipping
Shader 'Universal Render Pipeline/Particles/Lit': fallback shader 'Universal Render Pipeline/Particles/SimpleLit' not found
Refreshing native plugins compatible for Editor in 1.55 ms, found 4 plugins.
Preloading 0 native plugins for Editor in 0.00 ms.
Unloading 2407 Unused Serialized files (Serialized files now loaded: 0)
System memory in use before: 108.9 MB.
System memory in use after: 109.2 MB.

Unloading 42 unused Assets to reduce memory usage. Loaded Objects now: 2926.
Total: 3.701300 ms (FindLiveObjects: 0.534200 ms CreateObjectMapping: 0.122700 ms MarkObjects: 3.002500 ms  DeleteObjects: 0.039600 ms)

========================================================================
Received Prepare
Registering precompiled user dll's ...
Registered in 0.014851 seconds.
Begin MonoManager ReloadAssembly
Native extension for WindowsStandalone target not found
Refreshing native plugins compatible for Editor in 1.00 ms, found 4 plugins.
Preloading 0 native plugins for Editor in 0.00 ms.
Invoked RoslynAnalysisRunner static constructor.
RoslynAnalysisRunner will not be running.
RoslynAnalysisRunner has terminated.
Mono: successfully reloaded assembly
- Completed reload, in  1.302 seconds
Platform modules already initialized, skipping
Shader 'Universal Render Pipeline/Particles/Lit': fallback shader 'Universal Render Pipeline/Particles/SimpleLit' not found
Refreshing native plugins compatible for Editor in 0.93 ms, found 4 plugins.
Preloading 0 native plugins for Editor in 0.00 ms.
Unloading 2407 Unused Serialized files (Serialized files now loaded: 0)
System memory in use before: 108.9 MB.
System memory in use after: 109.2 MB.

Unloading 42 unused Assets to reduce memory usage. Loaded Objects now: 2929.
Total: 3.383700 ms (FindLiveObjects: 0.505000 ms CreateObjectMapping: 0.241500 ms MarkObjects: 2.600300 ms  DeleteObjects: 0.034500 ms)

========================================================================
Received Prepare
Registering precompiled user dll's ...
Registered in 0.015310 seconds.
Begin MonoManager ReloadAssembly
Native extension for WindowsStandalone target not found
Refreshing native plugins compatible for Editor in 0.86 ms, found 4 plugins.
Preloading 0 native plugins for Editor in 0.00 ms.
Invoked RoslynAnalysisRunner static constructor.
RoslynAnalysisRunner will not be running.
RoslynAnalysisRunner has terminated.
Mono: successfully reloaded assembly
- Completed reload, in  1.243 seconds
Platform modules already initialized, skipping
Shader 'Universal Render Pipeline/Particles/Lit': fallback shader 'Universal Render Pipeline/Particles/SimpleLit' not found
Refreshing native plugins compatible for Editor in 0.86 ms, found 4 plugins.
Preloading 0 native plugins for Editor in 0.00 ms.
Unloading 2407 Unused Serialized files (Serialized files now loaded: 0)
System memory in use before: 108.8 MB.
System memory in use after: 109.1 MB.

Unloading 42 unused Assets to reduce memory usage. Loaded Objects now: 2932.
Total: 3.739900 ms (FindLiveObjects: 0.710500 ms CreateObjectMapping: 0.213100 ms MarkObjects: 2.773200 ms  DeleteObjects: 0.040800 ms)

========================================================================
Received Prepare
Registering precompiled user dll's ...
Registered in 0.021637 seconds.
Begin MonoManager ReloadAssembly
Native extension for WindowsStandalone target not found
Refreshing native plugins compatible for Editor in 3.45 ms, found 4 plugins.
Preloading 0 native plugins for Editor in 0.00 ms.
Invoked RoslynAnalysisRunner static constructor.
RoslynAnalysisRunner will not be running.
RoslynAnalysisRunner has terminated.
Mono: successfully reloaded assembly
- Completed reload, in  2.307 seconds
Platform modules already initialized, skipping
Shader 'Universal Render Pipeline/Particles/Lit': fallback shader 'Universal Render Pipeline/Particles/SimpleLit' not found
Refreshing native plugins compatible for Editor in 0.99 ms, found 4 plugins.
Preloading 0 native plugins for Editor in 0.00 ms.
Unloading 2407 Unused Serialized files (Serialized files now loaded: 0)
System memory in use before: 108.9 MB.
System memory in use after: 109.2 MB.

Unloading 42 unused Assets to reduce memory usage. Loaded Objects now: 2935.
Total: 3.340500 ms (FindLiveObjects: 0.495400 ms CreateObjectMapping: 0.138600 ms MarkObjects: 2.662100 ms  DeleteObjects: 0.042100 ms)

========================================================================
Received Prepare
Registering precompiled user dll's ...
Registered in 0.036421 seconds.
Begin MonoManager ReloadAssembly
Native extension for WindowsStandalone target not found
Refreshing native plugins compatible for Editor in 2.23 ms, found 4 plugins.
Preloading 0 native plugins for Editor in 0.00 ms.
Invoked RoslynAnalysisRunner static constructor.
RoslynAnalysisRunner will not be running.
RoslynAnalysisRunner has terminated.
Mono: successfully reloaded assembly
- Completed reload, in  2.628 seconds
Platform modules already initialized, skipping
Shader 'Universal Render Pipeline/Particles/Lit': fallback shader 'Universal Render Pipeline/Particles/SimpleLit' not found
Refreshing native plugins compatible for Editor in 2.04 ms, found 4 plugins.
Preloading 0 native plugins for Editor in 0.00 ms.
Unloading 2407 Unused Serialized files (Serialized files now loaded: 0)
System memory in use before: 109.0 MB.
System memory in use after: 109.2 MB.

Unloading 42 unused Assets to reduce memory usage. Loaded Objects now: 2938.
Total: 7.138300 ms (FindLiveObjects: 0.805500 ms CreateObjectMapping: 0.364000 ms MarkObjects: 5.899000 ms  DeleteObjects: 0.066400 ms)

========================================================================
Received Prepare
Registering precompiled user dll's ...
Registered in 0.016115 seconds.
Begin MonoManager ReloadAssembly
Native extension for WindowsStandalone target not found
Refreshing native plugins compatible for Editor in 1.28 ms, found 4 plugins.
Preloading 0 native plugins for Editor in 0.00 ms.
Invoked RoslynAnalysisRunner static constructor.
RoslynAnalysisRunner will not be running.
RoslynAnalysisRunner has terminated.
Mono: successfully reloaded assembly
- Completed reload, in  1.371 seconds
Platform modules already initialized, skipping
Shader 'Universal Render Pipeline/Particles/Lit': fallback shader 'Universal Render Pipeline/Particles/SimpleLit' not found
Refreshing native plugins compatible for Editor in 0.86 ms, found 4 plugins.
Preloading 0 native plugins for Editor in 0.00 ms.
Unloading 2407 Unused Serialized files (Serialized files now loaded: 0)
System memory in use before: 109.0 MB.
System memory in use after: 109.2 MB.

Unloading 42 unused Assets to reduce memory usage. Loaded Objects now: 2941.
Total: 3.498600 ms (FindLiveObjects: 0.504300 ms CreateObjectMapping: 0.134600 ms MarkObjects: 2.800600 ms  DeleteObjects: 0.057000 ms)

========================================================================
Received Prepare
Registering precompiled user dll's ...
Registered in 0.019286 seconds.
Begin MonoManager ReloadAssembly
Native extension for WindowsStandalone target not found
Refreshing native plugins compatible for Editor in 2.02 ms, found 4 plugins.
Preloading 0 native plugins for Editor in 0.00 ms.
Invoked RoslynAnalysisRunner static constructor.
RoslynAnalysisRunner will not be running.
RoslynAnalysisRunner has terminated.
Mono: successfully reloaded assembly
- Completed reload, in  1.939 seconds
Platform modules already initialized, skipping
Shader 'Universal Render Pipeline/Particles/Lit': fallback shader 'Universal Render Pipeline/Particles/SimpleLit' not found
Refreshing native plugins compatible for Editor in 1.27 ms, found 4 plugins.
Preloading 0 native plugins for Editor in 0.00 ms.
Unloading 2407 Unused Serialized files (Serialized files now loaded: 0)
System memory in use before: 109.0 MB.
System memory in use after: 109.2 MB.

Unloading 42 unused Assets to reduce memory usage. Loaded Objects now: 2944.
Total: 4.473300 ms (FindLiveObjects: 0.487100 ms CreateObjectMapping: 0.150100 ms MarkObjects: 3.789200 ms  DeleteObjects: 0.044300 ms)

========================================================================
Received Prepare
Registering precompiled user dll's ...
Registered in 0.030560 seconds.
Begin MonoManager ReloadAssembly
Native extension for WindowsStandalone target not found
Refreshing native plugins compatible for Editor in 2.34 ms, found 4 plugins.
Preloading 0 native plugins for Editor in 0.00 ms.
Invoked RoslynAnalysisRunner static constructor.
RoslynAnalysisRunner will not be running.
RoslynAnalysisRunner has terminated.
Mono: successfully reloaded assembly
- Completed reload, in  2.765 seconds
Platform modules already initialized, skipping
Shader 'Universal Render Pipeline/Particles/Lit': fallback shader 'Universal Render Pipeline/Particles/SimpleLit' not found
Refreshing native plugins compatible for Editor in 2.22 ms, found 4 plugins.
Preloading 0 native plugins for Editor in 0.00 ms.
Unloading 2407 Unused Serialized files (Serialized files now loaded: 0)
System memory in use before: 108.9 MB.
System memory in use after: 109.1 MB.

Unloading 42 unused Assets to reduce memory usage. Loaded Objects now: 2947.
Total: 14.516500 ms (FindLiveObjects: 1.107600 ms CreateObjectMapping: 0.424700 ms MarkObjects: 12.914400 ms  DeleteObjects: 0.066600 ms)

========================================================================
Received Prepare
Registering precompiled user dll's ...
Registered in 0.015788 seconds.
Begin MonoManager ReloadAssembly
Native extension for WindowsStandalone target not found
Refreshing native plugins compatible for Editor in 1.33 ms, found 4 plugins.
Preloading 0 native plugins for Editor in 0.00 ms.
Invoked RoslynAnalysisRunner static constructor.
RoslynAnalysisRunner will not be running.
RoslynAnalysisRunner has terminated.
Mono: successfully reloaded assembly
- Completed reload, in  1.314 seconds
Platform modules already initialized, skipping
Shader 'Universal Render Pipeline/Particles/Lit': fallback shader 'Universal Render Pipeline/Particles/SimpleLit' not found
Refreshing native plugins compatible for Editor in 0.88 ms, found 4 plugins.
Preloading 0 native plugins for Editor in 0.00 ms.
Unloading 2407 Unused Serialized files (Serialized files now loaded: 0)
System memory in use before: 109.0 MB.
System memory in use after: 109.2 MB.

Unloading 42 unused Assets to reduce memory usage. Loaded Objects now: 2950.
Total: 3.720200 ms (FindLiveObjects: 0.553400 ms CreateObjectMapping: 0.163600 ms MarkObjects: 2.945700 ms  DeleteObjects: 0.054800 ms)

========================================================================
Received Prepare
Registering precompiled user dll's ...
Registered in 0.049699 seconds.
Begin MonoManager ReloadAssembly
Native extension for WindowsStandalone target not found
Refreshing native plugins compatible for Editor in 1.13 ms, found 4 plugins.
Preloading 0 native plugins for Editor in 0.00 ms.
Invoked RoslynAnalysisRunner static constructor.
RoslynAnalysisRunner will not be running.
RoslynAnalysisRunner has terminated.
Mono: successfully reloaded assembly
- Completed reload, in  1.477 seconds
Platform modules already initialized, skipping
Shader 'Universal Render Pipeline/Particles/Lit': fallback shader 'Universal Render Pipeline/Particles/SimpleLit' not found
Refreshing native plugins compatible for Editor in 1.83 ms, found 4 plugins.
Preloading 0 native plugins for Editor in 0.00 ms.
Unloading 2407 Unused Serialized files (Serialized files now loaded: 0)
System memory in use before: 109.0 MB.
System memory in use after: 109.2 MB.

Unloading 42 unused Assets to reduce memory usage. Loaded Objects now: 2953.
Total: 5.962100 ms (FindLiveObjects: 0.678500 ms CreateObjectMapping: 0.233900 ms MarkObjects: 4.984500 ms  DeleteObjects: 0.062300 ms)

========================================================================
Received Prepare
Registering precompiled user dll's ...
Registered in 0.015716 seconds.
Begin MonoManager ReloadAssembly
Native extension for WindowsStandalone target not found
Refreshing native plugins compatible for Editor in 0.86 ms, found 4 plugins.
Preloading 0 native plugins for Editor in 0.00 ms.
Invoked RoslynAnalysisRunner static constructor.
RoslynAnalysisRunner will not be running.
RoslynAnalysisRunner has terminated.
Mono: successfully reloaded assembly
- Completed reload, in  1.290 seconds
Platform modules already initialized, skipping
Shader 'Universal Render Pipeline/Particles/Lit': fallback shader 'Universal Render Pipeline/Particles/SimpleLit' not found
Refreshing native plugins compatible for Editor in 0.88 ms, found 4 plugins.
Preloading 0 native plugins for Editor in 0.00 ms.
Unloading 2407 Unused Serialized files (Serialized files now loaded: 0)
System memory in use before: 109.0 MB.
System memory in use after: 109.2 MB.

Unloading 42 unused Assets to reduce memory usage. Loaded Objects now: 2956.
Total: 3.576000 ms (FindLiveObjects: 0.489400 ms CreateObjectMapping: 0.261600 ms MarkObjects: 2.782200 ms  DeleteObjects: 0.040500 ms)

========================================================================
Received Prepare
Registering precompiled user dll's ...
Registered in 0.019260 seconds.
Begin MonoManager ReloadAssembly
Native extension for WindowsStandalone target not found
Refreshing native plugins compatible for Editor in 1.18 ms, found 4 plugins.
Preloading 0 native plugins for Editor in 0.00 ms.
Invoked RoslynAnalysisRunner static constructor.
RoslynAnalysisRunner will not be running.
RoslynAnalysisRunner has terminated.
Mono: successfully reloaded assembly
- Completed reload, in  1.334 seconds
Platform modules already initialized, skipping
Shader 'Universal Render Pipeline/Particles/Lit': fallback shader 'Universal Render Pipeline/Particles/SimpleLit' not found
Refreshing native plugins compatible for Editor in 1.52 ms, found 4 plugins.
Preloading 0 native plugins for Editor in 0.00 ms.
Unloading 2407 Unused Serialized files (Serialized files now loaded: 0)
System memory in use before: 109.0 MB.
System memory in use after: 109.2 MB.

Unloading 42 unused Assets to reduce memory usage. Loaded Objects now: 2959.
Total: 5.188900 ms (FindLiveObjects: 0.685600 ms CreateObjectMapping: 0.147100 ms MarkObjects: 4.304600 ms  DeleteObjects: 0.048300 ms)

========================================================================
Received Prepare
Registering precompiled user dll's ...
Registered in 0.016521 seconds.
Begin MonoManager ReloadAssembly
Native extension for WindowsStandalone target not found
Refreshing native plugins compatible for Editor in 1.15 ms, found 4 plugins.
Preloading 0 native plugins for Editor in 0.00 ms.
Invoked RoslynAnalysisRunner static constructor.
RoslynAnalysisRunner will not be running.
RoslynAnalysisRunner has terminated.
Mono: successfully reloaded assembly
- Completed reload, in  1.328 seconds
Platform modules already initialized, skipping
Shader 'Universal Render Pipeline/Particles/Lit': fallback shader 'Universal Render Pipeline/Particles/SimpleLit' not found
Refreshing native plugins compatible for Editor in 1.16 ms, found 4 plugins.
Preloading 0 native plugins for Editor in 0.00 ms.
Unloading 2407 Unused Serialized files (Serialized files now loaded: 0)
System memory in use before: 108.9 MB.
System memory in use after: 109.1 MB.

Unloading 42 unused Assets to reduce memory usage. Loaded Objects now: 2962.
Total: 4.438100 ms (FindLiveObjects: 0.672400 ms CreateObjectMapping: 0.238600 ms MarkObjects: 3.481400 ms  DeleteObjects: 0.043500 ms)

========================================================================
Received Prepare
Registering precompiled user dll's ...
Registered in 0.015484 seconds.
Begin MonoManager ReloadAssembly
Native extension for WindowsStandalone target not found
Refreshing native plugins compatible for Editor in 1.11 ms, found 4 plugins.
Preloading 0 native plugins for Editor in 0.00 ms.
Invoked RoslynAnalysisRunner static constructor.
RoslynAnalysisRunner will not be running.
RoslynAnalysisRunner has terminated.
Mono: successfully reloaded assembly
- Completed reload, in  1.280 seconds
Platform modules already initialized, skipping
Shader 'Universal Render Pipeline/Particles/Lit': fallback shader 'Universal Render Pipeline/Particles/SimpleLit' not found
Refreshing native plugins compatible for Editor in 0.87 ms, found 4 plugins.
Preloading 0 native plugins for Editor in 0.00 ms.
Unloading 2407 Unused Serialized files (Serialized files now loaded: 0)
System memory in use before: 109.0 MB.
System memory in use after: 109.2 MB.

Unloading 42 unused Assets to reduce memory usage. Loaded Objects now: 2965.
Total: 2.682000 ms (FindLiveObjects: 0.348700 ms CreateObjectMapping: 0.072800 ms MarkObjects: 2.224000 ms  DeleteObjects: 0.034300 ms)

========================================================================
Received Prepare
Registering precompiled user dll's ...
Registered in 0.016778 seconds.
Begin MonoManager ReloadAssembly
Native extension for WindowsStandalone target not found
Refreshing native plugins compatible for Editor in 0.88 ms, found 4 plugins.
Preloading 0 native plugins for Editor in 0.00 ms.
Invoked RoslynAnalysisRunner static constructor.
RoslynAnalysisRunner will not be running.
RoslynAnalysisRunner has terminated.
Mono: successfully reloaded assembly
- Completed reload, in  1.309 seconds
Platform modules already initialized, skipping
Shader 'Universal Render Pipeline/Particles/Lit': fallback shader 'Universal Render Pipeline/Particles/SimpleLit' not found
Refreshing native plugins compatible for Editor in 1.01 ms, found 4 plugins.
Preloading 0 native plugins for Editor in 0.00 ms.
Unloading 2407 Unused Serialized files (Serialized files now loaded: 0)
System memory in use before: 109.0 MB.
System memory in use after: 109.2 MB.

Unloading 42 unused Assets to reduce memory usage. Loaded Objects now: 2968.
Total: 3.475300 ms (FindLiveObjects: 0.487700 ms CreateObjectMapping: 0.128200 ms MarkObjects: 2.816900 ms  DeleteObjects: 0.040700 ms)

========================================================================
Received Prepare
Registering precompiled user dll's ...
Registered in 0.029290 seconds.
Begin MonoManager ReloadAssembly
Native extension for WindowsStandalone target not found
Refreshing native plugins compatible for Editor in 3.08 ms, found 4 plugins.
Preloading 0 native plugins for Editor in 0.00 ms.
Invoked RoslynAnalysisRunner static constructor.
RoslynAnalysisRunner will not be running.
RoslynAnalysisRunner has terminated.
Mono: successfully reloaded assembly
- Completed reload, in  2.751 seconds
Platform modules already initialized, skipping
Shader 'Universal Render Pipeline/Particles/Lit': fallback shader 'Universal Render Pipeline/Particles/SimpleLit' not found
Refreshing native plugins compatible for Editor in 2.27 ms, found 4 plugins.
Preloading 0 native plugins for Editor in 0.00 ms.
Unloading 2407 Unused Serialized files (Serialized files now loaded: 0)
System memory in use before: 109.0 MB.
System memory in use after: 109.2 MB.

Unloading 42 unused Assets to reduce memory usage. Loaded Objects now: 2971.
Total: 4.719800 ms (FindLiveObjects: 0.494600 ms CreateObjectMapping: 0.164300 ms MarkObjects: 4.003900 ms  DeleteObjects: 0.054700 ms)

========================================================================
Received Prepare
Registering precompiled user dll's ...
Registered in 0.021449 seconds.
Begin MonoManager ReloadAssembly
Native extension for WindowsStandalone target not found
Refreshing native plugins compatible for Editor in 0.92 ms, found 4 plugins.
Preloading 0 native plugins for Editor in 0.00 ms.
Invoked RoslynAnalysisRunner static constructor.
RoslynAnalysisRunner will not be running.
RoslynAnalysisRunner has terminated.
Mono: successfully reloaded assembly
- Completed reload, in  1.146 seconds
Platform modules already initialized, skipping
Shader 'Universal Render Pipeline/Particles/Lit': fallback shader 'Universal Render Pipeline/Particles/SimpleLit' not found
Refreshing native plugins compatible for Editor in 1.10 ms, found 4 plugins.
Preloading 0 native plugins for Editor in 0.00 ms.
Unloading 2407 Unused Serialized files (Serialized files now loaded: 0)
System memory in use before: 109.0 MB.
System memory in use after: 109.2 MB.

Unloading 42 unused Assets to reduce memory usage. Loaded Objects now: 2974.
Total: 3.821600 ms (FindLiveObjects: 0.935800 ms CreateObjectMapping: 0.235200 ms MarkObjects: 2.610100 ms  DeleteObjects: 0.038700 ms)

========================================================================
Received Prepare
Registering precompiled user dll's ...
Registered in 0.019545 seconds.
Begin MonoManager ReloadAssembly
Native extension for WindowsStandalone target not found
Refreshing native plugins compatible for Editor in 0.91 ms, found 4 plugins.
Preloading 0 native plugins for Editor in 0.00 ms.
Invoked RoslynAnalysisRunner static constructor.
RoslynAnalysisRunner will not be running.
RoslynAnalysisRunner has terminated.
Mono: successfully reloaded assembly
- Completed reload, in  1.299 seconds
Platform modules already initialized, skipping
Shader 'Universal Render Pipeline/Particles/Lit': fallback shader 'Universal Render Pipeline/Particles/SimpleLit' not found
Refreshing native plugins compatible for Editor in 1.05 ms, found 4 plugins.
Preloading 0 native plugins for Editor in 0.00 ms.
Unloading 2407 Unused Serialized files (Serialized files now loaded: 0)
System memory in use before: 108.9 MB.
System memory in use after: 109.1 MB.

Unloading 42 unused Assets to reduce memory usage. Loaded Objects now: 2977.
Total: 5.086500 ms (FindLiveObjects: 0.842100 ms CreateObjectMapping: 0.350800 ms MarkObjects: 3.752000 ms  DeleteObjects: 0.043900 ms)

========================================================================
Received Prepare
Registering precompiled user dll's ...
Registered in 0.016150 seconds.
Begin MonoManager ReloadAssembly
Native extension for WindowsStandalone target not found
Refreshing native plugins compatible for Editor in 0.87 ms, found 4 plugins.
Preloading 0 native plugins for Editor in 0.00 ms.
Invoked RoslynAnalysisRunner static constructor.
RoslynAnalysisRunner will not be running.
RoslynAnalysisRunner has terminated.
Mono: successfully reloaded assembly
- Completed reload, in  1.181 seconds
Platform modules already initialized, skipping
Shader 'Universal Render Pipeline/Particles/Lit': fallback shader 'Universal Render Pipeline/Particles/SimpleLit' not found
Refreshing native plugins compatible for Editor in 0.87 ms, found 4 plugins.
Preloading 0 native plugins for Editor in 0.00 ms.
Unloading 2407 Unused Serialized files (Serialized files now loaded: 0)
System memory in use before: 109.0 MB.
System memory in use after: 109.2 MB.

Unloading 42 unused Assets to reduce memory usage. Loaded Objects now: 2980.
Total: 3.526900 ms (FindLiveObjects: 0.382400 ms CreateObjectMapping: 0.099700 ms MarkObjects: 3.003700 ms  DeleteObjects: 0.039000 ms)

========================================================================
Received Prepare
Registering precompiled user dll's ...
Registered in 0.014570 seconds.
Begin MonoManager ReloadAssembly
Native extension for WindowsStandalone target not found
Refreshing native plugins compatible for Editor in 1.10 ms, found 4 plugins.
Preloading 0 native plugins for Editor in 0.00 ms.
Invoked RoslynAnalysisRunner static constructor.
RoslynAnalysisRunner will not be running.
RoslynAnalysisRunner has terminated.
Mono: successfully reloaded assembly
- Completed reload, in  1.451 seconds
Platform modules already initialized, skipping
Shader 'Universal Render Pipeline/Particles/Lit': fallback shader 'Universal Render Pipeline/Particles/SimpleLit' not found
Refreshing native plugins compatible for Editor in 1.00 ms, found 4 plugins.
Preloading 0 native plugins for Editor in 0.00 ms.
Unloading 2407 Unused Serialized files (Serialized files now loaded: 0)
System memory in use before: 109.0 MB.
System memory in use after: 109.3 MB.

Unloading 42 unused Assets to reduce memory usage. Loaded Objects now: 2983.
Total: 3.533900 ms (FindLiveObjects: 0.399000 ms CreateObjectMapping: 0.090300 ms MarkObjects: 2.990900 ms  DeleteObjects: 0.051900 ms)

========================================================================
Received Prepare
Registering precompiled user dll's ...
Registered in 0.016101 seconds.
Begin MonoManager ReloadAssembly
Native extension for WindowsStandalone target not found
Refreshing native plugins compatible for Editor in 0.93 ms, found 4 plugins.
Preloading 0 native plugins for Editor in 0.00 ms.
Invoked RoslynAnalysisRunner static constructor.
RoslynAnalysisRunner will not be running.
RoslynAnalysisRunner has terminated.
Mono: successfully reloaded assembly
- Completed reload, in  1.274 seconds
Platform modules already initialized, skipping
Shader 'Universal Render Pipeline/Particles/Lit': fallback shader 'Universal Render Pipeline/Particles/SimpleLit' not found
Refreshing native plugins compatible for Editor in 0.89 ms, found 4 plugins.
Preloading 0 native plugins for Editor in 0.00 ms.
Unloading 2407 Unused Serialized files (Serialized files now loaded: 0)
System memory in use before: 109.0 MB.
System memory in use after: 109.3 MB.

Unloading 42 unused Assets to reduce memory usage. Loaded Objects now: 2986.
Total: 2.871100 ms (FindLiveObjects: 0.334000 ms CreateObjectMapping: 0.078700 ms MarkObjects: 2.406300 ms  DeleteObjects: 0.049800 ms)

========================================================================
Received Import Request.
  Time since last request: 2296.423476 seconds.
  path: Assets/Scenes/Menu.unity
  artifactKey: Guid(6aea35c5f0c286c4282506964c73457f) Importer(815301076,1909f56bfc062723c751e8b465ee728b)
Start importing Assets/Scenes/Menu.unity using Guid(6aea35c5f0c286c4282506964c73457f) Importer(815301076,1909f56bfc062723c751e8b465ee728b)  -> (artifact id: '5c1162275c0f76ed0264b2264583b11b') in 0.017281 seconds
  Import took 0.023343 seconds .

========================================================================
Received Prepare
Registering precompiled user dll's ...
Registered in 0.017542 seconds.
Begin MonoManager ReloadAssembly
Native extension for WindowsStandalone target not found
Refreshing native plugins compatible for Editor in 0.86 ms, found 4 plugins.
Preloading 0 native plugins for Editor in 0.00 ms.
Invoked RoslynAnalysisRunner static constructor.
RoslynAnalysisRunner will not be running.
RoslynAnalysisRunner has terminated.
Mono: successfully reloaded assembly
- Completed reload, in  1.333 seconds
Platform modules already initialized, skipping
Shader 'Universal Render Pipeline/Particles/Lit': fallback shader 'Universal Render Pipeline/Particles/SimpleLit' not found
Refreshing native plugins compatible for Editor in 1.10 ms, found 4 plugins.
Preloading 0 native plugins for Editor in 0.00 ms.
Unloading 2407 Unused Serialized files (Serialized files now loaded: 0)
System memory in use before: 109.0 MB.
System memory in use after: 109.3 MB.

Unloading 42 unused Assets to reduce memory usage. Loaded Objects now: 2989.
Total: 4.573400 ms (FindLiveObjects: 0.762000 ms CreateObjectMapping: 0.161400 ms MarkObjects: 3.598900 ms  DeleteObjects: 0.047700 ms)

========================================================================
Received Prepare
Registering precompiled user dll's ...
Registered in 0.016450 seconds.
Begin MonoManager ReloadAssembly
Native extension for WindowsStandalone target not found
Refreshing native plugins compatible for Editor in 1.04 ms, found 4 plugins.
Preloading 0 native plugins for Editor in 0.00 ms.
Invoked RoslynAnalysisRunner static constructor.
RoslynAnalysisRunner will not be running.
RoslynAnalysisRunner has terminated.
Mono: successfully reloaded assembly
- Completed reload, in  1.256 seconds
Platform modules already initialized, skipping
Shader 'Universal Render Pipeline/Particles/Lit': fallback shader 'Universal Render Pipeline/Particles/SimpleLit' not found
Refreshing native plugins compatible for Editor in 1.10 ms, found 4 plugins.
Preloading 0 native plugins for Editor in 0.00 ms.
Unloading 2408 Unused Serialized files (Serialized files now loaded: 0)
System memory in use before: 109.0 MB.
System memory in use after: 109.2 MB.

Unloading 42 unused Assets to reduce memory usage. Loaded Objects now: 2993.
Total: 4.114100 ms (FindLiveObjects: 0.604500 ms CreateObjectMapping: 0.152600 ms MarkObjects: 3.310900 ms  DeleteObjects: 0.043900 ms)

========================================================================
Received Import Request.
  Time since last request: 163.223366 seconds.
  path: Assets/GameDatabaseLogic.cs
  artifactKey: Guid(cb311ba2c7dddf94493f80941ca761fd) Importer(815301076,1909f56bfc062723c751e8b465ee728b)
Start importing Assets/GameDatabaseLogic.cs using Guid(cb311ba2c7dddf94493f80941ca761fd) Importer(815301076,1909f56bfc062723c751e8b465ee728b)  -> (artifact id: '0a524bc358f0b34477929c0c592586fc') in 0.009385 seconds
  Import took 0.037252 seconds .

========================================================================
Received Prepare
Registering precompiled user dll's ...
Registered in 0.020397 seconds.
Begin MonoManager ReloadAssembly
Native extension for WindowsStandalone target not found
Refreshing native plugins compatible for Editor in 0.92 ms, found 4 plugins.
Preloading 0 native plugins for Editor in 0.00 ms.
Invoked RoslynAnalysisRunner static constructor.
RoslynAnalysisRunner will not be running.
RoslynAnalysisRunner has terminated.
Mono: successfully reloaded assembly
- Completed reload, in  1.392 seconds
Platform modules already initialized, skipping
Shader 'Universal Render Pipeline/Particles/Lit': fallback shader 'Universal Render Pipeline/Particles/SimpleLit' not found
Refreshing native plugins compatible for Editor in 0.85 ms, found 4 plugins.
Preloading 0 native plugins for Editor in 0.00 ms.
Unloading 2407 Unused Serialized files (Serialized files now loaded: 0)
System memory in use before: 109.1 MB.
System memory in use after: 109.3 MB.

Unloading 43 unused Assets to reduce memory usage. Loaded Objects now: 2995.
Total: 2.762600 ms (FindLiveObjects: 0.370500 ms CreateObjectMapping: 0.083400 ms MarkObjects: 2.267800 ms  DeleteObjects: 0.039100 ms)

========================================================================
Received Import Request.
  Time since last request: 1028.686701 seconds.
  path: Assets/Scripts/CurrentPlayerDisplay.cs
  artifactKey: Guid(00fea901efb2d4840a8b2a2a14435218) Importer(815301076,1909f56bfc062723c751e8b465ee728b)
Start importing Assets/Scripts/CurrentPlayerDisplay.cs using Guid(00fea901efb2d4840a8b2a2a14435218) Importer(815301076,1909f56bfc062723c751e8b465ee728b)  -> (artifact id: 'f3bab0968fc99750719f6ba4281e25ca') in 0.009751 seconds
  Import took 0.138647 seconds .

========================================================================
Received Import Request.
  Time since last request: 2.955218 seconds.
  path: Assets/Scripts/buttonFX.cs
  artifactKey: Guid(5fba8dc2d0619a84c9d83de15e0f1abf) Importer(815301076,1909f56bfc062723c751e8b465ee728b)
Start importing Assets/Scripts/buttonFX.cs using Guid(5fba8dc2d0619a84c9d83de15e0f1abf) Importer(815301076,1909f56bfc062723c751e8b465ee728b)  -> (artifact id: 'a94aea6800df2e94beacda9c32695739') in 0.032546 seconds
  Import took 0.037676 seconds .

========================================================================
Received Import Request.
  Time since last request: 303.944251 seconds.
  path: Assets/Scripts/GameAuthLogics.cs
  artifactKey: Guid(4406cdca9eceeeb428f46286a8347c50) Importer(815301076,1909f56bfc062723c751e8b465ee728b)
Start importing Assets/Scripts/GameAuthLogics.cs using Guid(4406cdca9eceeeb428f46286a8347c50) Importer(815301076,1909f56bfc062723c751e8b465ee728b)  -> (artifact id: '736a0e14118852ddb8afa032730f7659') in 0.004987 seconds
  Import took 0.011289 seconds .

========================================================================
Received Import Request.
  Time since last request: 0.002209 seconds.
  path: Assets/Scripts/GameAuthLogics.cs
  artifactKey: Guid(4406cdca9eceeeb428f46286a8347c50) Importer(815301076,1909f56bfc062723c751e8b465ee728b)
Start importing Assets/Scripts/GameAuthLogics.cs using Guid(4406cdca9eceeeb428f46286a8347c50) Importer(815301076,1909f56bfc062723c751e8b465ee728b)  -> (artifact id: '736a0e14118852ddb8afa032730f7659') in 0.003116 seconds
  Import took 0.008187 seconds .

========================================================================
Received Import Request.
  Time since last request: 82.191140 seconds.
  path: Assets/Scripts/GameAuthLogics.cs
  artifactKey: Guid(4406cdca9eceeeb428f46286a8347c50) Importer(815301076,1909f56bfc062723c751e8b465ee728b)
Start importing Assets/Scripts/GameAuthLogics.cs using Guid(4406cdca9eceeeb428f46286a8347c50) Importer(815301076,1909f56bfc062723c751e8b465ee728b)  -> (artifact id: 'a6c8111458e7ec527aa869e397041498') in 0.003599 seconds
  Import took 0.012457 seconds .

========================================================================
Received Prepare
Registering precompiled user dll's ...
Registered in 0.021467 seconds.
Begin MonoManager ReloadAssembly
Native extension for WindowsStandalone target not found
Refreshing native plugins compatible for Editor in 1.20 ms, found 4 plugins.
Preloading 0 native plugins for Editor in 0.00 ms.
Invoked RoslynAnalysisRunner static constructor.
RoslynAnalysisRunner will not be running.
RoslynAnalysisRunner has terminated.
Mono: successfully reloaded assembly
- Completed reload, in  1.305 seconds
Platform modules already initialized, skipping
Shader 'Universal Render Pipeline/Particles/Lit': fallback shader 'Universal Render Pipeline/Particles/SimpleLit' not found
Refreshing native plugins compatible for Editor in 0.92 ms, found 4 plugins.
Preloading 0 native plugins for Editor in 0.00 ms.
Unloading 2408 Unused Serialized files (Serialized files now loaded: 0)
System memory in use before: 109.1 MB.
System memory in use after: 109.3 MB.

Unloading 42 unused Assets to reduce memory usage. Loaded Objects now: 2999.
Total: 4.224300 ms (FindLiveObjects: 0.679400 ms CreateObjectMapping: 0.164000 ms MarkObjects: 3.338300 ms  DeleteObjects: 0.041000 ms)

========================================================================
Received Prepare
Registering precompiled user dll's ...
Registered in 0.017937 seconds.
Begin MonoManager ReloadAssembly
Native extension for WindowsStandalone target not found
Refreshing native plugins compatible for Editor in 0.87 ms, found 4 plugins.
Preloading 0 native plugins for Editor in 0.00 ms.
Invoked RoslynAnalysisRunner static constructor.
RoslynAnalysisRunner will not be running.
RoslynAnalysisRunner has terminated.
Mono: successfully reloaded assembly
- Completed reload, in  1.377 seconds
Platform modules already initialized, skipping
Shader 'Universal Render Pipeline/Particles/Lit': fallback shader 'Universal Render Pipeline/Particles/SimpleLit' not found
Refreshing native plugins compatible for Editor in 0.94 ms, found 4 plugins.
Preloading 0 native plugins for Editor in 0.00 ms.
Unloading 2408 Unused Serialized files (Serialized files now loaded: 0)
System memory in use before: 109.1 MB.
System memory in use after: 109.3 MB.

Unloading 42 unused Assets to reduce memory usage. Loaded Objects now: 3002.
Total: 4.067500 ms (FindLiveObjects: 0.932800 ms CreateObjectMapping: 0.205700 ms MarkObjects: 2.884100 ms  DeleteObjects: 0.041500 ms)

========================================================================
Received Prepare
Registering precompiled user dll's ...
Registered in 0.014549 seconds.
Begin MonoManager ReloadAssembly
Native extension for WindowsStandalone target not found
Refreshing native plugins compatible for Editor in 0.86 ms, found 4 plugins.
Preloading 0 native plugins for Editor in 0.00 ms.
Invoked RoslynAnalysisRunner static constructor.
RoslynAnalysisRunner will not be running.
RoslynAnalysisRunner has terminated.
Mono: successfully reloaded assembly
- Completed reload, in  1.387 seconds
Platform modules already initialized, skipping
Shader 'Universal Render Pipeline/Particles/Lit': fallback shader 'Universal Render Pipeline/Particles/SimpleLit' not found
Refreshing native plugins compatible for Editor in 0.92 ms, found 4 plugins.
Preloading 0 native plugins for Editor in 0.00 ms.
Unloading 2408 Unused Serialized files (Serialized files now loaded: 0)
System memory in use before: 109.1 MB.
System memory in use after: 109.3 MB.

Unloading 42 unused Assets to reduce memory usage. Loaded Objects now: 3005.
Total: 3.689600 ms (FindLiveObjects: 0.370000 ms CreateObjectMapping: 0.100000 ms MarkObjects: 3.174000 ms  DeleteObjects: 0.043600 ms)

AssetImportWorkerClient::OnTransportError - code=2 error=End of file
