Using pre-set license
Built from '2020.3/staging' branch; Version is '2020.3.0f1 (c7b5465681fb) revision 13088070'; Using compiler version '192528614'; Build Type 'Release'
OS: 'Windows 10 Home Single Language; OS build 19042.867; Version 2009; 64bit' Language: 'en' Physical Memory: 6081 MB
BatchMode: 1, IsHumanControllingUs: 0, StartBugReporterOnCrash: 0, Is64bit: 1, IsPro: 0

 COMMAND LINE ARGUMENTS:
C:\Program Files\Unity\Hub\Editor\2020.3.0f1\Editor\Unity.exe
-adb2
-batchMode
-noUpm
-name
AssetImportWorker0
-projectPath
C:/Users/Yashraj/Desktop/github/Snakes-And-Ladders-2.0
-logFile
Logs/AssetImportWorker0.log
-srvPort
53750
Successfully changed project path to: C:/Users/Yashraj/Desktop/github/Snakes-And-Ladders-2.0
C:/Users/Yashraj/Desktop/github/Snakes-And-Ladders-2.0
Using Asset Import Pipeline V2.
Refreshing native plugins compatible for Editor in 142.59 ms, found 4 plugins.
Preloading 0 native plugins for Editor in 0.00 ms.
Initialize engine version: 2020.3.0f1 (c7b5465681fb)
[Subsystems] Discovering subsystems at path C:/Program Files/Unity/Hub/Editor/2020.3.0f1/Editor/Data/Resources/UnitySubsystems
[Subsystems] Discovering subsystems at path C:/Users/Yashraj/Desktop/github/Snakes-And-Ladders-2.0/Assets
GfxDevice: creating device client; threaded=0
Direct3D:
    Version:  Direct3D 11.0 [level 11.1]
    Renderer: AMD Radeon(TM) Graphics (ID=0x15d8)
    Vendor:   
    VRAM:     3040 MB
    Driver:   27.20.11030.11001
Initialize mono
Mono path[0] = 'C:/Program Files/Unity/Hub/Editor/2020.3.0f1/Editor/Data/Managed'
Mono path[1] = 'C:/Program Files/Unity/Hub/Editor/2020.3.0f1/Editor/Data/MonoBleedingEdge/lib/mono/unityjit'
Mono config path = 'C:/Program Files/Unity/Hub/Editor/2020.3.0f1/Editor/Data/MonoBleedingEdge/etc'
Using monoOptions --debugger-agent=transport=dt_socket,embedding=1,server=y,suspend=n,address=127.0.0.1:56772
Begin MonoManager ReloadAssembly
Registering precompiled unity dll's ...
Register platform support module: C:/Program Files/Unity/Hub/Editor/2020.3.0f1/Editor/Data/PlaybackEngines/WindowsStandaloneSupport/UnityEditor.WindowsStandalone.Extensions.dll
Registered in 0.003174 seconds.
Native extension for WindowsStandalone target not found
Refreshing native plugins compatible for Editor in 694.15 ms, found 4 plugins.
Preloading 0 native plugins for Editor in 0.00 ms.
Invoked RoslynAnalysisRunner static constructor.
RoslynAnalysisRunner will not be running.
RoslynAnalysisRunner has terminated.
Mono: successfully reloaded assembly
- Completed reload, in  6.481 seconds
Platform modules already initialized, skipping
Registering precompiled user dll's ...
Registered in 0.188491 seconds.
Begin MonoManager ReloadAssembly
Native extension for WindowsStandalone target not found
Refreshing native plugins compatible for Editor in 134.97 ms, found 4 plugins.
Preloading 0 native plugins for Editor in 0.00 ms.
Invoked RoslynAnalysisRunner static constructor.
RoslynAnalysisRunner will not be running.
RoslynAnalysisRunner has terminated.
Mono: successfully reloaded assembly
- Completed reload, in  5.153 seconds
Platform modules already initialized, skipping
========================================================================
Worker process is ready to serve import requests
Shader 'Universal Render Pipeline/Particles/Lit': fallback shader 'Universal Render Pipeline/Particles/SimpleLit' not found
Shader 'Universal Render Pipeline/Particles/Lit': fallback shader 'Universal Render Pipeline/Particles/SimpleLit' not found
Launched and connected shader compiler UnityShaderCompiler.exe after 0.13 seconds
Refreshing native plugins compatible for Editor in 1.78 ms, found 4 plugins.
Preloading 0 native plugins for Editor in 0.00 ms.
Unloading 2486 Unused Serialized files (Serialized files now loaded: 0)
System memory in use before: 112.4 MB.
System memory in use after: 108.5 MB.

Unloading 115 unused Assets to reduce memory usage. Loaded Objects now: 2838.
Total: 12.982200 ms (FindLiveObjects: 1.377900 ms CreateObjectMapping: 0.426300 ms MarkObjects: 5.362500 ms  DeleteObjects: 5.811300 ms)

========================================================================
Received Import Request.
  path: Assets/Scripts/Player1Piece.cs
  artifactKey: Guid(816f57e6d29237a4b8b4732d8a1df3a2) Importer(815301076,1909f56bfc062723c751e8b465ee728b)
Start importing Assets/Scripts/Player1Piece.cs using Guid(816f57e6d29237a4b8b4732d8a1df3a2) Importer(815301076,1909f56bfc062723c751e8b465ee728b)  -> (artifact id: '04d6d75ea324124d549e5b5db66a3615') in 0.120308 seconds
  Import took 0.166271 seconds .

========================================================================
Received Import Request.
  Time since last request: 204.664027 seconds.
  path: Assets/Scripts/UserModelClass.cs
  artifactKey: Guid(2ff09f6d01f77924fb40bce3d44af3ed) Importer(815301076,1909f56bfc062723c751e8b465ee728b)
Start importing Assets/Scripts/UserModelClass.cs using Guid(2ff09f6d01f77924fb40bce3d44af3ed) Importer(815301076,1909f56bfc062723c751e8b465ee728b)  -> (artifact id: 'dd3ebfe5610c6af64776b2ae1ac26e9e') in 0.010151 seconds
  Import took 0.057252 seconds .

========================================================================
Received Import Request.
  Time since last request: 590.826290 seconds.
  path: Assets/Scripts/GameAuthenticationLogic.cs
  artifactKey: Guid(83ec6d9927d5c404691a3bbc2887e825) Importer(815301076,1909f56bfc062723c751e8b465ee728b)
Start importing Assets/Scripts/GameAuthenticationLogic.cs using Guid(83ec6d9927d5c404691a3bbc2887e825) Importer(815301076,1909f56bfc062723c751e8b465ee728b)  -> (artifact id: '4be64a6dd65492a5e29b35eaa841a5a8') in 0.012710 seconds
  Import took 0.051445 seconds .

========================================================================
Received Prepare
Registering precompiled user dll's ...
Registered in 0.019205 seconds.
Begin MonoManager ReloadAssembly
Native extension for WindowsStandalone target not found
Refreshing native plugins compatible for Editor in 1.19 ms, found 4 plugins.
Preloading 0 native plugins for Editor in 0.00 ms.
Invoked RoslynAnalysisRunner static constructor.
RoslynAnalysisRunner will not be running.
RoslynAnalysisRunner has terminated.
Mono: successfully reloaded assembly
- Completed reload, in  1.823 seconds
Platform modules already initialized, skipping
Shader 'Universal Render Pipeline/Particles/Lit': fallback shader 'Universal Render Pipeline/Particles/SimpleLit' not found
Shader 'Universal Render Pipeline/Particles/Lit': fallback shader 'Universal Render Pipeline/Particles/SimpleLit' not found
Refreshing native plugins compatible for Editor in 1.41 ms, found 4 plugins.
Preloading 0 native plugins for Editor in 0.00 ms.
Unloading 2479 Unused Serialized files (Serialized files now loaded: 0)
System memory in use before: 112.5 MB.
System memory in use after: 108.5 MB.

Unloading 110 unused Assets to reduce memory usage. Loaded Objects now: 2841.
Total: 20.627900 ms (FindLiveObjects: 0.597400 ms CreateObjectMapping: 0.139700 ms MarkObjects: 5.443900 ms  DeleteObjects: 14.442900 ms)

========================================================================
Received Prepare
Registering precompiled user dll's ...
Registered in 0.022634 seconds.
Begin MonoManager ReloadAssembly
Native extension for WindowsStandalone target not found
Refreshing native plugins compatible for Editor in 0.87 ms, found 4 plugins.
Preloading 0 native plugins for Editor in 0.00 ms.
Invoked RoslynAnalysisRunner static constructor.
RoslynAnalysisRunner will not be running.
RoslynAnalysisRunner has terminated.
Mono: successfully reloaded assembly
- Completed reload, in  1.722 seconds
Platform modules already initialized, skipping
Shader 'Universal Render Pipeline/Particles/Lit': fallback shader 'Universal Render Pipeline/Particles/SimpleLit' not found
Shader 'Universal Render Pipeline/Particles/Lit': fallback shader 'Universal Render Pipeline/Particles/SimpleLit' not found
Refreshing native plugins compatible for Editor in 1.75 ms, found 4 plugins.
Preloading 0 native plugins for Editor in 0.00 ms.
Unloading 2479 Unused Serialized files (Serialized files now loaded: 0)
System memory in use before: 112.5 MB.
System memory in use after: 108.5 MB.

Unloading 110 unused Assets to reduce memory usage. Loaded Objects now: 2844.
Total: 7.060600 ms (FindLiveObjects: 0.486800 ms CreateObjectMapping: 0.122700 ms MarkObjects: 2.963300 ms  DeleteObjects: 3.485600 ms)

========================================================================
Received Import Request.
  Time since last request: 1852.298751 seconds.
  path: Assets/Scripts/storeData.cs
  artifactKey: Guid(853c8449b1c70574ca9eb9c0a03ef0ec) Importer(815301076,1909f56bfc062723c751e8b465ee728b)
Start importing Assets/Scripts/storeData.cs using Guid(853c8449b1c70574ca9eb9c0a03ef0ec) Importer(815301076,1909f56bfc062723c751e8b465ee728b)  -> (artifact id: '464ecb16b5cee7e6c39b5016db9f7a2a') in 0.019954 seconds
  Import took 0.062488 seconds .

========================================================================
Received Prepare
Registering precompiled user dll's ...
Registered in 0.020439 seconds.
Begin MonoManager ReloadAssembly
Native extension for WindowsStandalone target not found
Refreshing native plugins compatible for Editor in 1.19 ms, found 4 plugins.
Preloading 0 native plugins for Editor in 0.00 ms.
Invoked RoslynAnalysisRunner static constructor.
RoslynAnalysisRunner will not be running.
RoslynAnalysisRunner has terminated.
Mono: successfully reloaded assembly
- Completed reload, in  1.939 seconds
Platform modules already initialized, skipping
Shader 'Universal Render Pipeline/Particles/Lit': fallback shader 'Universal Render Pipeline/Particles/SimpleLit' not found
Shader 'Universal Render Pipeline/Particles/Lit': fallback shader 'Universal Render Pipeline/Particles/SimpleLit' not found
Refreshing native plugins compatible for Editor in 1.66 ms, found 4 plugins.
Preloading 0 native plugins for Editor in 0.00 ms.
Unloading 2479 Unused Serialized files (Serialized files now loaded: 0)
System memory in use before: 112.5 MB.
System memory in use after: 108.5 MB.

Unloading 110 unused Assets to reduce memory usage. Loaded Objects now: 2847.
Total: 8.665000 ms (FindLiveObjects: 0.388300 ms CreateObjectMapping: 0.101100 ms MarkObjects: 3.874800 ms  DeleteObjects: 4.298400 ms)

========================================================================
Received Import Request.
  Time since last request: 30.971276 seconds.
  path: Assets/Scripts/storeData.cs
  artifactKey: Guid(853c8449b1c70574ca9eb9c0a03ef0ec) Importer(815301076,1909f56bfc062723c751e8b465ee728b)
Start importing Assets/Scripts/storeData.cs using Guid(853c8449b1c70574ca9eb9c0a03ef0ec) Importer(815301076,1909f56bfc062723c751e8b465ee728b)  -> (artifact id: 'e28ceebe764fe611916d13688878ea7d') in 0.009305 seconds
  Import took 0.052943 seconds .

========================================================================
Received Prepare
Registering precompiled user dll's ...
Registered in 0.045432 seconds.
Begin MonoManager ReloadAssembly
Native extension for WindowsStandalone target not found
Refreshing native plugins compatible for Editor in 1.27 ms, found 4 plugins.
Preloading 0 native plugins for Editor in 0.00 ms.
Invoked RoslynAnalysisRunner static constructor.
RoslynAnalysisRunner will not be running.
RoslynAnalysisRunner has terminated.
Mono: successfully reloaded assembly
- Completed reload, in  2.852 seconds
Platform modules already initialized, skipping
Shader 'Universal Render Pipeline/Particles/Lit': fallback shader 'Universal Render Pipeline/Particles/SimpleLit' not found
Shader 'Universal Render Pipeline/Particles/Lit': fallback shader 'Universal Render Pipeline/Particles/SimpleLit' not found
Refreshing native plugins compatible for Editor in 1.08 ms, found 4 plugins.
Preloading 0 native plugins for Editor in 0.00 ms.
Unloading 2479 Unused Serialized files (Serialized files now loaded: 0)
System memory in use before: 112.5 MB.
System memory in use after: 108.5 MB.

Unloading 110 unused Assets to reduce memory usage. Loaded Objects now: 2850.
Total: 8.334100 ms (FindLiveObjects: 0.398800 ms CreateObjectMapping: 0.125900 ms MarkObjects: 4.243800 ms  DeleteObjects: 3.560400 ms)

========================================================================
Received Prepare
Registering precompiled user dll's ...
Registered in 0.026292 seconds.
Begin MonoManager ReloadAssembly
Native extension for WindowsStandalone target not found
Refreshing native plugins compatible for Editor in 1.37 ms, found 4 plugins.
Preloading 0 native plugins for Editor in 0.00 ms.
Invoked RoslynAnalysisRunner static constructor.
RoslynAnalysisRunner will not be running.
RoslynAnalysisRunner has terminated.
Mono: successfully reloaded assembly
- Completed reload, in  1.744 seconds
Platform modules already initialized, skipping
Shader 'Universal Render Pipeline/Particles/Lit': fallback shader 'Universal Render Pipeline/Particles/SimpleLit' not found
Shader 'Universal Render Pipeline/Particles/Lit': fallback shader 'Universal Render Pipeline/Particles/SimpleLit' not found
Refreshing native plugins compatible for Editor in 1.83 ms, found 4 plugins.
Preloading 0 native plugins for Editor in 0.00 ms.
Unloading 2479 Unused Serialized files (Serialized files now loaded: 0)
System memory in use before: 112.4 MB.
System memory in use after: 108.5 MB.

Unloading 110 unused Assets to reduce memory usage. Loaded Objects now: 2853.
Total: 8.741400 ms (FindLiveObjects: 0.451900 ms CreateObjectMapping: 0.127600 ms MarkObjects: 4.499700 ms  DeleteObjects: 3.659700 ms)

========================================================================
Received Prepare
Registering precompiled user dll's ...
Registered in 0.042036 seconds.
Begin MonoManager ReloadAssembly
Native extension for WindowsStandalone target not found
Refreshing native plugins compatible for Editor in 2.00 ms, found 4 plugins.
Preloading 0 native plugins for Editor in 0.00 ms.
Invoked RoslynAnalysisRunner static constructor.
RoslynAnalysisRunner will not be running.
RoslynAnalysisRunner has terminated.
Mono: successfully reloaded assembly
- Completed reload, in  2.907 seconds
Platform modules already initialized, skipping
Shader 'Universal Render Pipeline/Particles/Lit': fallback shader 'Universal Render Pipeline/Particles/SimpleLit' not found
Shader 'Universal Render Pipeline/Particles/Lit': fallback shader 'Universal Render Pipeline/Particles/SimpleLit' not found
Refreshing native plugins compatible for Editor in 1.43 ms, found 4 plugins.
Preloading 0 native plugins for Editor in 0.00 ms.
Unloading 2479 Unused Serialized files (Serialized files now loaded: 0)
System memory in use before: 112.5 MB.
System memory in use after: 108.6 MB.

Unloading 110 unused Assets to reduce memory usage. Loaded Objects now: 2856.
Total: 15.101200 ms (FindLiveObjects: 0.927900 ms CreateObjectMapping: 0.356900 ms MarkObjects: 6.521900 ms  DeleteObjects: 7.289300 ms)

========================================================================
Received Prepare
Registering precompiled user dll's ...
Registered in 0.022039 seconds.
Begin MonoManager ReloadAssembly
Native extension for WindowsStandalone target not found
Refreshing native plugins compatible for Editor in 1.56 ms, found 4 plugins.
Preloading 0 native plugins for Editor in 0.00 ms.
Invoked RoslynAnalysisRunner static constructor.
RoslynAnalysisRunner will not be running.
RoslynAnalysisRunner has terminated.
Mono: successfully reloaded assembly
- Completed reload, in  2.342 seconds
Platform modules already initialized, skipping
Shader 'Universal Render Pipeline/Particles/Lit': fallback shader 'Universal Render Pipeline/Particles/SimpleLit' not found
Shader 'Universal Render Pipeline/Particles/Lit': fallback shader 'Universal Render Pipeline/Particles/SimpleLit' not found
Refreshing native plugins compatible for Editor in 1.70 ms, found 4 plugins.
Preloading 0 native plugins for Editor in 0.00 ms.
Unloading 2479 Unused Serialized files (Serialized files now loaded: 0)
System memory in use before: 112.5 MB.
System memory in use after: 108.6 MB.

Unloading 110 unused Assets to reduce memory usage. Loaded Objects now: 2859.
Total: 11.797000 ms (FindLiveObjects: 0.759600 ms CreateObjectMapping: 0.221500 ms MarkObjects: 6.873800 ms  DeleteObjects: 3.938900 ms)

========================================================================
Received Prepare
Registering precompiled user dll's ...
Registered in 0.021555 seconds.
Begin MonoManager ReloadAssembly
Native extension for WindowsStandalone target not found
Refreshing native plugins compatible for Editor in 3.27 ms, found 4 plugins.
Preloading 0 native plugins for Editor in 0.00 ms.
Invoked RoslynAnalysisRunner static constructor.
RoslynAnalysisRunner will not be running.
RoslynAnalysisRunner has terminated.
Mono: successfully reloaded assembly
- Completed reload, in  3.294 seconds
Platform modules already initialized, skipping
Shader 'Universal Render Pipeline/Particles/Lit': fallback shader 'Universal Render Pipeline/Particles/SimpleLit' not found
Shader 'Universal Render Pipeline/Particles/Lit': fallback shader 'Universal Render Pipeline/Particles/SimpleLit' not found
Refreshing native plugins compatible for Editor in 1.30 ms, found 4 plugins.
Preloading 0 native plugins for Editor in 0.00 ms.
Unloading 2479 Unused Serialized files (Serialized files now loaded: 0)
System memory in use before: 112.5 MB.
System memory in use after: 108.6 MB.

Unloading 110 unused Assets to reduce memory usage. Loaded Objects now: 2862.
Total: 8.297100 ms (FindLiveObjects: 0.488700 ms CreateObjectMapping: 0.129400 ms MarkObjects: 3.289300 ms  DeleteObjects: 4.387100 ms)

========================================================================
Received Prepare
Registering precompiled user dll's ...
Registered in 0.048689 seconds.
Begin MonoManager ReloadAssembly
Native extension for WindowsStandalone target not found
Refreshing native plugins compatible for Editor in 1.57 ms, found 4 plugins.
Preloading 0 native plugins for Editor in 0.00 ms.
Invoked RoslynAnalysisRunner static constructor.
RoslynAnalysisRunner will not be running.
RoslynAnalysisRunner has terminated.
Mono: successfully reloaded assembly
- Completed reload, in  4.544 seconds
Platform modules already initialized, skipping
Shader 'Universal Render Pipeline/Particles/Lit': fallback shader 'Universal Render Pipeline/Particles/SimpleLit' not found
Shader 'Universal Render Pipeline/Particles/Lit': fallback shader 'Universal Render Pipeline/Particles/SimpleLit' not found
Refreshing native plugins compatible for Editor in 5.52 ms, found 4 plugins.
Preloading 0 native plugins for Editor in 0.00 ms.
Unloading 2479 Unused Serialized files (Serialized files now loaded: 0)
System memory in use before: 112.5 MB.
System memory in use after: 108.6 MB.

Unloading 110 unused Assets to reduce memory usage. Loaded Objects now: 2865.
Total: 24.386300 ms (FindLiveObjects: 1.135800 ms CreateObjectMapping: 0.403300 ms MarkObjects: 13.472500 ms  DeleteObjects: 9.369800 ms)

========================================================================
Received Prepare
Registering precompiled user dll's ...
Registered in 0.020159 seconds.
Begin MonoManager ReloadAssembly
Native extension for WindowsStandalone target not found
Refreshing native plugins compatible for Editor in 1.16 ms, found 4 plugins.
Preloading 0 native plugins for Editor in 0.00 ms.
Invoked RoslynAnalysisRunner static constructor.
RoslynAnalysisRunner will not be running.
RoslynAnalysisRunner has terminated.
Mono: successfully reloaded assembly
- Completed reload, in  1.940 seconds
Platform modules already initialized, skipping
Shader 'Universal Render Pipeline/Particles/Lit': fallback shader 'Universal Render Pipeline/Particles/SimpleLit' not found
Shader 'Universal Render Pipeline/Particles/Lit': fallback shader 'Universal Render Pipeline/Particles/SimpleLit' not found
Refreshing native plugins compatible for Editor in 1.08 ms, found 4 plugins.
Preloading 0 native plugins for Editor in 0.00 ms.
Unloading 2479 Unused Serialized files (Serialized files now loaded: 0)
System memory in use before: 112.5 MB.
System memory in use after: 108.5 MB.

Unloading 110 unused Assets to reduce memory usage. Loaded Objects now: 2868.
Total: 6.774700 ms (FindLiveObjects: 0.434300 ms CreateObjectMapping: 0.137200 ms MarkObjects: 2.969600 ms  DeleteObjects: 3.230100 ms)

========================================================================
Received Prepare
Registering precompiled user dll's ...
Registered in 0.019711 seconds.
Begin MonoManager ReloadAssembly
Native extension for WindowsStandalone target not found
Refreshing native plugins compatible for Editor in 1.35 ms, found 4 plugins.
Preloading 0 native plugins for Editor in 0.00 ms.
Invoked RoslynAnalysisRunner static constructor.
RoslynAnalysisRunner will not be running.
RoslynAnalysisRunner has terminated.
Mono: successfully reloaded assembly
- Completed reload, in  1.719 seconds
Platform modules already initialized, skipping
Shader 'Universal Render Pipeline/Particles/Lit': fallback shader 'Universal Render Pipeline/Particles/SimpleLit' not found
Shader 'Universal Render Pipeline/Particles/Lit': fallback shader 'Universal Render Pipeline/Particles/SimpleLit' not found
Refreshing native plugins compatible for Editor in 1.08 ms, found 4 plugins.
Preloading 0 native plugins for Editor in 0.00 ms.
Unloading 2479 Unused Serialized files (Serialized files now loaded: 0)
System memory in use before: 112.6 MB.
System memory in use after: 108.6 MB.

Unloading 110 unused Assets to reduce memory usage. Loaded Objects now: 2871.
Total: 7.236600 ms (FindLiveObjects: 0.822300 ms CreateObjectMapping: 0.328500 ms MarkObjects: 3.070500 ms  DeleteObjects: 3.012700 ms)

========================================================================
Received Prepare
Registering precompiled user dll's ...
Registered in 0.023368 seconds.
Begin MonoManager ReloadAssembly
Native extension for WindowsStandalone target not found
Refreshing native plugins compatible for Editor in 2.27 ms, found 4 plugins.
Preloading 0 native plugins for Editor in 0.00 ms.
Invoked RoslynAnalysisRunner static constructor.
RoslynAnalysisRunner will not be running.
RoslynAnalysisRunner has terminated.
Mono: successfully reloaded assembly
- Completed reload, in  2.229 seconds
Platform modules already initialized, skipping
Shader 'Universal Render Pipeline/Particles/Lit': fallback shader 'Universal Render Pipeline/Particles/SimpleLit' not found
Shader 'Universal Render Pipeline/Particles/Lit': fallback shader 'Universal Render Pipeline/Particles/SimpleLit' not found
Refreshing native plugins compatible for Editor in 2.61 ms, found 4 plugins.
Preloading 0 native plugins for Editor in 0.00 ms.
Unloading 2479 Unused Serialized files (Serialized files now loaded: 0)
System memory in use before: 112.6 MB.
System memory in use after: 108.6 MB.

Unloading 110 unused Assets to reduce memory usage. Loaded Objects now: 2874.
Total: 12.676000 ms (FindLiveObjects: 0.701100 ms CreateObjectMapping: 0.201000 ms MarkObjects: 5.486800 ms  DeleteObjects: 6.283100 ms)

========================================================================
Received Prepare
Registering precompiled user dll's ...
Registered in 0.042090 seconds.
Begin MonoManager ReloadAssembly
Native extension for WindowsStandalone target not found
Refreshing native plugins compatible for Editor in 1.18 ms, found 4 plugins.
Preloading 0 native plugins for Editor in 0.00 ms.
Invoked RoslynAnalysisRunner static constructor.
RoslynAnalysisRunner will not be running.
RoslynAnalysisRunner has terminated.
Mono: successfully reloaded assembly
- Completed reload, in  1.660 seconds
Platform modules already initialized, skipping
Shader 'Universal Render Pipeline/Particles/Lit': fallback shader 'Universal Render Pipeline/Particles/SimpleLit' not found
Shader 'Universal Render Pipeline/Particles/Lit': fallback shader 'Universal Render Pipeline/Particles/SimpleLit' not found
Refreshing native plugins compatible for Editor in 0.95 ms, found 4 plugins.
Preloading 0 native plugins for Editor in 0.00 ms.
Unloading 2479 Unused Serialized files (Serialized files now loaded: 0)
System memory in use before: 112.6 MB.
System memory in use after: 108.6 MB.

Unloading 110 unused Assets to reduce memory usage. Loaded Objects now: 2877.
Total: 7.736000 ms (FindLiveObjects: 0.575100 ms CreateObjectMapping: 0.157500 ms MarkObjects: 3.100100 ms  DeleteObjects: 3.899900 ms)

========================================================================
Received Prepare
Registering precompiled user dll's ...
Registered in 0.056963 seconds.
Begin MonoManager ReloadAssembly
Native extension for WindowsStandalone target not found
Refreshing native plugins compatible for Editor in 3.14 ms, found 4 plugins.
Preloading 0 native plugins for Editor in 0.00 ms.
Invoked RoslynAnalysisRunner static constructor.
RoslynAnalysisRunner will not be running.
RoslynAnalysisRunner has terminated.
Mono: successfully reloaded assembly
- Completed reload, in  5.419 seconds
Platform modules already initialized, skipping
Shader 'Universal Render Pipeline/Particles/Lit': fallback shader 'Universal Render Pipeline/Particles/SimpleLit' not found
Shader 'Universal Render Pipeline/Particles/Lit': fallback shader 'Universal Render Pipeline/Particles/SimpleLit' not found
Refreshing native plugins compatible for Editor in 1.49 ms, found 4 plugins.
Preloading 0 native plugins for Editor in 0.00 ms.
Unloading 2479 Unused Serialized files (Serialized files now loaded: 0)
System memory in use before: 112.6 MB.
System memory in use after: 108.6 MB.

Unloading 110 unused Assets to reduce memory usage. Loaded Objects now: 2880.
Total: 13.881100 ms (FindLiveObjects: 1.203500 ms CreateObjectMapping: 0.505700 ms MarkObjects: 7.160100 ms  DeleteObjects: 5.008800 ms)

========================================================================
Received Prepare
Registering precompiled user dll's ...
Registered in 0.030928 seconds.
Begin MonoManager ReloadAssembly
Native extension for WindowsStandalone target not found
Refreshing native plugins compatible for Editor in 1.40 ms, found 4 plugins.
Preloading 0 native plugins for Editor in 0.00 ms.
Invoked RoslynAnalysisRunner static constructor.
RoslynAnalysisRunner will not be running.
RoslynAnalysisRunner has terminated.
Mono: successfully reloaded assembly
- Completed reload, in  2.445 seconds
Platform modules already initialized, skipping
Shader 'Universal Render Pipeline/Particles/Lit': fallback shader 'Universal Render Pipeline/Particles/SimpleLit' not found
Shader 'Universal Render Pipeline/Particles/Lit': fallback shader 'Universal Render Pipeline/Particles/SimpleLit' not found
Refreshing native plugins compatible for Editor in 2.22 ms, found 4 plugins.
Preloading 0 native plugins for Editor in 0.00 ms.
Unloading 2479 Unused Serialized files (Serialized files now loaded: 0)
System memory in use before: 112.5 MB.
System memory in use after: 108.5 MB.

Unloading 110 unused Assets to reduce memory usage. Loaded Objects now: 2883.
Total: 9.771700 ms (FindLiveObjects: 0.944900 ms CreateObjectMapping: 0.415100 ms MarkObjects: 4.041200 ms  DeleteObjects: 4.368100 ms)

========================================================================
Received Prepare
Registering precompiled user dll's ...
Registered in 0.034459 seconds.
Begin MonoManager ReloadAssembly
Native extension for WindowsStandalone target not found
Refreshing native plugins compatible for Editor in 1.88 ms, found 4 plugins.
Preloading 0 native plugins for Editor in 0.00 ms.
Invoked RoslynAnalysisRunner static constructor.
RoslynAnalysisRunner will not be running.
RoslynAnalysisRunner has terminated.
Mono: successfully reloaded assembly
- Completed reload, in  4.091 seconds
Platform modules already initialized, skipping
Shader 'Universal Render Pipeline/Particles/Lit': fallback shader 'Universal Render Pipeline/Particles/SimpleLit' not found
Shader 'Universal Render Pipeline/Particles/Lit': fallback shader 'Universal Render Pipeline/Particles/SimpleLit' not found
Refreshing native plugins compatible for Editor in 2.27 ms, found 4 plugins.
Preloading 0 native plugins for Editor in 0.00 ms.
Unloading 2479 Unused Serialized files (Serialized files now loaded: 0)
System memory in use before: 112.6 MB.
System memory in use after: 108.6 MB.

Unloading 110 unused Assets to reduce memory usage. Loaded Objects now: 2886.
Total: 16.720000 ms (FindLiveObjects: 1.179600 ms CreateObjectMapping: 0.512500 ms MarkObjects: 6.254700 ms  DeleteObjects: 8.769900 ms)

========================================================================
Received Prepare
Registering precompiled user dll's ...
Registered in 0.017752 seconds.
Begin MonoManager ReloadAssembly
Native extension for WindowsStandalone target not found
Refreshing native plugins compatible for Editor in 0.98 ms, found 4 plugins.
Preloading 0 native plugins for Editor in 0.00 ms.
Invoked RoslynAnalysisRunner static constructor.
RoslynAnalysisRunner will not be running.
RoslynAnalysisRunner has terminated.
Mono: successfully reloaded assembly
- Completed reload, in  1.702 seconds
Platform modules already initialized, skipping
Shader 'Universal Render Pipeline/Particles/Lit': fallback shader 'Universal Render Pipeline/Particles/SimpleLit' not found
Shader 'Universal Render Pipeline/Particles/Lit': fallback shader 'Universal Render Pipeline/Particles/SimpleLit' not found
Refreshing native plugins compatible for Editor in 1.36 ms, found 4 plugins.
Preloading 0 native plugins for Editor in 0.00 ms.
Unloading 2479 Unused Serialized files (Serialized files now loaded: 0)
System memory in use before: 112.6 MB.
System memory in use after: 108.6 MB.

Unloading 110 unused Assets to reduce memory usage. Loaded Objects now: 2889.
Total: 6.609000 ms (FindLiveObjects: 0.538900 ms CreateObjectMapping: 0.126500 ms MarkObjects: 2.991200 ms  DeleteObjects: 2.949900 ms)

========================================================================
Received Prepare
Registering precompiled user dll's ...
Registered in 0.054952 seconds.
Begin MonoManager ReloadAssembly
Native extension for WindowsStandalone target not found
Refreshing native plugins compatible for Editor in 2.51 ms, found 4 plugins.
Preloading 0 native plugins for Editor in 0.00 ms.
Invoked RoslynAnalysisRunner static constructor.
RoslynAnalysisRunner will not be running.
RoslynAnalysisRunner has terminated.
Mono: successfully reloaded assembly
- Completed reload, in  4.880 seconds
Platform modules already initialized, skipping
Shader 'Universal Render Pipeline/Particles/Lit': fallback shader 'Universal Render Pipeline/Particles/SimpleLit' not found
Shader 'Universal Render Pipeline/Particles/Lit': fallback shader 'Universal Render Pipeline/Particles/SimpleLit' not found
Refreshing native plugins compatible for Editor in 1.64 ms, found 4 plugins.
Preloading 0 native plugins for Editor in 0.00 ms.
Unloading 2479 Unused Serialized files (Serialized files now loaded: 0)
System memory in use before: 112.6 MB.
System memory in use after: 108.6 MB.

Unloading 110 unused Assets to reduce memory usage. Loaded Objects now: 2892.
Total: 11.183900 ms (FindLiveObjects: 0.481400 ms CreateObjectMapping: 0.161900 ms MarkObjects: 4.045700 ms  DeleteObjects: 6.491700 ms)

========================================================================
Received Prepare
Registering precompiled user dll's ...
Registered in 0.048095 seconds.
Begin MonoManager ReloadAssembly
Native extension for WindowsStandalone target not found
Refreshing native plugins compatible for Editor in 4.15 ms, found 4 plugins.
Preloading 0 native plugins for Editor in 0.00 ms.
Invoked RoslynAnalysisRunner static constructor.
RoslynAnalysisRunner will not be running.
RoslynAnalysisRunner has terminated.
Mono: successfully reloaded assembly
- Completed reload, in  4.389 seconds
Platform modules already initialized, skipping
Shader 'Universal Render Pipeline/Particles/Lit': fallback shader 'Universal Render Pipeline/Particles/SimpleLit' not found
Shader 'Universal Render Pipeline/Particles/Lit': fallback shader 'Universal Render Pipeline/Particles/SimpleLit' not found
Refreshing native plugins compatible for Editor in 4.17 ms, found 4 plugins.
Preloading 0 native plugins for Editor in 0.00 ms.
Unloading 2479 Unused Serialized files (Serialized files now loaded: 0)
System memory in use before: 112.6 MB.
System memory in use after: 108.6 MB.

Unloading 110 unused Assets to reduce memory usage. Loaded Objects now: 2895.
Total: 20.669600 ms (FindLiveObjects: 1.469600 ms CreateObjectMapping: 0.771900 ms MarkObjects: 8.028700 ms  DeleteObjects: 10.394900 ms)

========================================================================
Received Prepare
Registering precompiled user dll's ...
Registered in 0.031007 seconds.
Begin MonoManager ReloadAssembly
Native extension for WindowsStandalone target not found
Refreshing native plugins compatible for Editor in 1.89 ms, found 4 plugins.
Preloading 0 native plugins for Editor in 0.00 ms.
Invoked RoslynAnalysisRunner static constructor.
RoslynAnalysisRunner will not be running.
RoslynAnalysisRunner has terminated.
Mono: successfully reloaded assembly
- Completed reload, in  2.534 seconds
Platform modules already initialized, skipping
Shader 'Universal Render Pipeline/Particles/Lit': fallback shader 'Universal Render Pipeline/Particles/SimpleLit' not found
Shader 'Universal Render Pipeline/Particles/Lit': fallback shader 'Universal Render Pipeline/Particles/SimpleLit' not found
Refreshing native plugins compatible for Editor in 1.70 ms, found 4 plugins.
Preloading 0 native plugins for Editor in 0.00 ms.
Unloading 2479 Unused Serialized files (Serialized files now loaded: 0)
System memory in use before: 112.5 MB.
System memory in use after: 108.5 MB.

Unloading 110 unused Assets to reduce memory usage. Loaded Objects now: 2898.
Total: 13.680500 ms (FindLiveObjects: 0.751700 ms CreateObjectMapping: 0.220200 ms MarkObjects: 4.627000 ms  DeleteObjects: 8.078200 ms)

========================================================================
Received Prepare
Registering precompiled user dll's ...
Registered in 0.173651 seconds.
Begin MonoManager ReloadAssembly
Native extension for WindowsStandalone target not found
Refreshing native plugins compatible for Editor in 1.65 ms, found 4 plugins.
Preloading 0 native plugins for Editor in 0.00 ms.
Invoked RoslynAnalysisRunner static constructor.
RoslynAnalysisRunner will not be running.
RoslynAnalysisRunner has terminated.
Mono: successfully reloaded assembly
- Completed reload, in  2.655 seconds
Platform modules already initialized, skipping
Shader 'Universal Render Pipeline/Particles/Lit': fallback shader 'Universal Render Pipeline/Particles/SimpleLit' not found
Shader 'Universal Render Pipeline/Particles/Lit': fallback shader 'Universal Render Pipeline/Particles/SimpleLit' not found
Refreshing native plugins compatible for Editor in 1.03 ms, found 4 plugins.
Preloading 0 native plugins for Editor in 0.00 ms.
Unloading 2479 Unused Serialized files (Serialized files now loaded: 0)
System memory in use before: 112.6 MB.
System memory in use after: 108.6 MB.

Unloading 110 unused Assets to reduce memory usage. Loaded Objects now: 2901.
Total: 10.248200 ms (FindLiveObjects: 0.635000 ms CreateObjectMapping: 0.421900 ms MarkObjects: 4.693800 ms  DeleteObjects: 4.495000 ms)

========================================================================
Received Prepare
Registering precompiled user dll's ...
Registered in 0.034240 seconds.
Begin MonoManager ReloadAssembly
Native extension for WindowsStandalone target not found
Refreshing native plugins compatible for Editor in 2.53 ms, found 4 plugins.
Preloading 0 native plugins for Editor in 0.00 ms.
Invoked RoslynAnalysisRunner static constructor.
RoslynAnalysisRunner will not be running.
RoslynAnalysisRunner has terminated.
Mono: successfully reloaded assembly
- Completed reload, in  2.632 seconds
Platform modules already initialized, skipping
Shader 'Universal Render Pipeline/Particles/Lit': fallback shader 'Universal Render Pipeline/Particles/SimpleLit' not found
Shader 'Universal Render Pipeline/Particles/Lit': fallback shader 'Universal Render Pipeline/Particles/SimpleLit' not found
Refreshing native plugins compatible for Editor in 1.48 ms, found 4 plugins.
Preloading 0 native plugins for Editor in 0.00 ms.
Unloading 2479 Unused Serialized files (Serialized files now loaded: 0)
System memory in use before: 112.6 MB.
System memory in use after: 108.7 MB.

Unloading 110 unused Assets to reduce memory usage. Loaded Objects now: 2904.
Total: 8.860800 ms (FindLiveObjects: 0.782800 ms CreateObjectMapping: 0.152200 ms MarkObjects: 3.949700 ms  DeleteObjects: 3.972600 ms)

