Using pre-set license
Built from '2020.3/staging' branch; Version is '2020.3.0f1 (c7b5465681fb) revision 13088070'; Using compiler version '192528614'; Build Type 'Release'
OS: 'Windows 10 Home Single Language; OS build 19042.867; Version 2009; 64bit' Language: 'en' Physical Memory: 6081 MB
BatchMode: 1, IsHumanControllingUs: 0, StartBugReporterOnCrash: 0, Is64bit: 1, IsPro: 0

 COMMAND LINE ARGUMENTS:
C:\Program Files\Unity\Hub\Editor\2020.3.0f1\Editor\Unity.exe
-adb2
-batchMode
-noUpm
-name
AssetImportWorker3
-projectPath
C:/Users/Yashraj/Desktop/github/Snakes-And-Ladders-2.0
-logFile
Logs/AssetImportWorker3.log
-srvPort
51973
Successfully changed project path to: C:/Users/Yashraj/Desktop/github/Snakes-And-Ladders-2.0
C:/Users/Yashraj/Desktop/github/Snakes-And-Ladders-2.0
Using Asset Import Pipeline V2.
Refreshing native plugins compatible for Editor in 70.16 ms, found 4 plugins.
Preloading 0 native plugins for Editor in 0.00 ms.
Initialize engine version: 2020.3.0f1 (c7b5465681fb)
[Subsystems] Discovering subsystems at path C:/Program Files/Unity/Hub/Editor/2020.3.0f1/Editor/Data/Resources/UnitySubsystems
[Subsystems] Discovering subsystems at path C:/Users/Yashraj/Desktop/github/Snakes-And-Ladders-2.0/Assets
GfxDevice: creating device client; threaded=0
Direct3D:
    Version:  Direct3D 11.0 [level 11.1]
    Renderer: AMD Radeon(TM) Graphics (ID=0x15d8)
    Vendor:   
    VRAM:     3040 MB
    Driver:   27.20.11030.11001
Shader 'Universal Render Pipeline/Particles/Lit': fallback shader 'Universal Render Pipeline/Particles/SimpleLit' not found
Initialize mono
Mono path[0] = 'C:/Program Files/Unity/Hub/Editor/2020.3.0f1/Editor/Data/Managed'
Mono path[1] = 'C:/Program Files/Unity/Hub/Editor/2020.3.0f1/Editor/Data/MonoBleedingEdge/lib/mono/unityjit'
Mono config path = 'C:/Program Files/Unity/Hub/Editor/2020.3.0f1/Editor/Data/MonoBleedingEdge/etc'
Using monoOptions --debugger-agent=transport=dt_socket,embedding=1,server=y,suspend=n,address=127.0.0.1:56884
Begin MonoManager ReloadAssembly
Registering precompiled unity dll's ...
Register platform support module: C:/Program Files/Unity/Hub/Editor/2020.3.0f1/Editor/Data/PlaybackEngines/WindowsStandaloneSupport/UnityEditor.WindowsStandalone.Extensions.dll
Registered in 0.002661 seconds.
Native extension for WindowsStandalone target not found
Refreshing native plugins compatible for Editor in 66.87 ms, found 4 plugins.
Preloading 0 native plugins for Editor in 0.00 ms.
Invoked RoslynAnalysisRunner static constructor.
RoslynAnalysisRunner will not be running.
RoslynAnalysisRunner has terminated.
Mono: successfully reloaded assembly
- Completed reload, in  1.525 seconds
Platform modules already initialized, skipping
Registering precompiled user dll's ...
Registered in 0.015691 seconds.
Begin MonoManager ReloadAssembly
Native extension for WindowsStandalone target not found
Refreshing native plugins compatible for Editor in 67.16 ms, found 4 plugins.
Preloading 0 native plugins for Editor in 0.00 ms.
Invoked RoslynAnalysisRunner static constructor.
RoslynAnalysisRunner will not be running.
RoslynAnalysisRunner has terminated.
Mono: successfully reloaded assembly
- Completed reload, in  1.405 seconds
Platform modules already initialized, skipping
========================================================================
Worker process is ready to serve import requests
Shader 'Universal Render Pipeline/Particles/Lit': fallback shader 'Universal Render Pipeline/Particles/SimpleLit' not found
Launched and connected shader compiler UnityShaderCompiler.exe after 0.58 seconds
Refreshing native plugins compatible for Editor in 0.99 ms, found 4 plugins.
Preloading 0 native plugins for Editor in 0.00 ms.
Unloading 2484 Unused Serialized files (Serialized files now loaded: 0)
System memory in use before: 113.4 MB.
System memory in use after: 113.6 MB.

Unloading 47 unused Assets to reduce memory usage. Loaded Objects now: 2902.
Total: 43.910600 ms (FindLiveObjects: 0.508200 ms CreateObjectMapping: 0.117600 ms MarkObjects: 43.147200 ms  DeleteObjects: 0.135200 ms)

========================================================================
Received Import Request.
  path: Assets/Textures/4.png
  artifactKey: Guid(36e8198bc0e65ea4e8d253b6ffde3315) Importer(815301076,1909f56bfc062723c751e8b465ee728b)
Start importing Assets/Textures/4.png using Guid(36e8198bc0e65ea4e8d253b6ffde3315) Importer(815301076,1909f56bfc062723c751e8b465ee728b)  -> (artifact id: '6f05803434855e88e2e017ab49fe7934') in 0.543006 seconds
  Import took 0.564243 seconds .

========================================================================
Received Import Request.
  Time since last request: 0.026500 seconds.
  path: Assets/Textures/3.png
  artifactKey: Guid(92b3069580c8ce8448fec8ddb75e200e) Importer(815301076,1909f56bfc062723c751e8b465ee728b)
Start importing Assets/Textures/3.png using Guid(92b3069580c8ce8448fec8ddb75e200e) Importer(815301076,1909f56bfc062723c751e8b465ee728b)  -> (artifact id: '5419b90f1cda046b1ebd7a965e66b896') in 0.028583 seconds
  Import took 0.064458 seconds .

========================================================================
Received Import Request.
  Time since last request: 0.000236 seconds.
  path: Assets/Scripts/DiceRoller.cs
  artifactKey: Guid(cce8f0c24cbfb914388e7cbae9625d7e) Importer(815301076,1909f56bfc062723c751e8b465ee728b)
Start importing Assets/Scripts/DiceRoller.cs using Guid(cce8f0c24cbfb914388e7cbae9625d7e) Importer(815301076,1909f56bfc062723c751e8b465ee728b)  -> (artifact id: '7da4cae32b0cab51556bb23d476749a9') in 0.012588 seconds
  Import took 0.028249 seconds .

========================================================================
Received Import Request.
  Time since last request: 0.000276 seconds.
  path: Assets/Textures/6.png
  artifactKey: Guid(317438df5585ea54397b530b177e7fb2) Importer(815301076,1909f56bfc062723c751e8b465ee728b)
Start importing Assets/Textures/6.png using Guid(317438df5585ea54397b530b177e7fb2) Importer(815301076,1909f56bfc062723c751e8b465ee728b)  -> (artifact id: 'bd6d17841ad627d0cf82be46b50f9978') in 0.030077 seconds
  Import took 0.038067 seconds .

========================================================================
Received Import Request.
  Time since last request: 0.000313 seconds.
  path: Assets/Textures/2.png
  artifactKey: Guid(ea863c7c1b013f24696baa9cd6d54971) Importer(815301076,1909f56bfc062723c751e8b465ee728b)
Start importing Assets/Textures/2.png using Guid(ea863c7c1b013f24696baa9cd6d54971) Importer(815301076,1909f56bfc062723c751e8b465ee728b)  -> (artifact id: '904519f12b371bcf87fcd0f42e4de3a9') in 0.038801 seconds
  Import took 0.084932 seconds .

========================================================================
Received Import Request.
  Time since last request: 0.000244 seconds.
  path: Assets/Scripts/Destroyer.cs
  artifactKey: Guid(21dd27af8c516a64686447e7194f7e22) Importer(815301076,1909f56bfc062723c751e8b465ee728b)
Start importing Assets/Scripts/Destroyer.cs using Guid(21dd27af8c516a64686447e7194f7e22) Importer(815301076,1909f56bfc062723c751e8b465ee728b)  -> (artifact id: '8733d83ef77eae33babe2c739adf84e0') in 0.130551 seconds
  Import took 0.135638 seconds .

========================================================================
Received Import Request.
  Time since last request: 0.000379 seconds.
  path: Assets/Textures/1.png
  artifactKey: Guid(2fb825bd78bee0c448d1fd985d14b3d0) Importer(815301076,1909f56bfc062723c751e8b465ee728b)
Start importing Assets/Textures/1.png using Guid(2fb825bd78bee0c448d1fd985d14b3d0) Importer(815301076,1909f56bfc062723c751e8b465ee728b)  -> (artifact id: '38eb9c1b85ab093d3dc37f7cd4535b62') in 0.048836 seconds
  Import took 0.067963 seconds .

========================================================================
Received Import Request.
  Time since last request: 0.000218 seconds.
  path: Assets/Textures/5.png
  artifactKey: Guid(3285c1378a10a464db64f146248299d7) Importer(815301076,1909f56bfc062723c751e8b465ee728b)
Start importing Assets/Textures/5.png using Guid(3285c1378a10a464db64f146248299d7) Importer(815301076,1909f56bfc062723c751e8b465ee728b)  -> (artifact id: '63942acd3ae332af070eaa883f75c7a8') in 0.049410 seconds
  Import took 0.062893 seconds .

========================================================================
Received Import Request.
  Time since last request: 0.000272 seconds.
  path: Assets/Scripts/GameAuthenticationLogic.cs
  artifactKey: Guid(83ec6d9927d5c404691a3bbc2887e825) Importer(815301076,1909f56bfc062723c751e8b465ee728b)
Start importing Assets/Scripts/GameAuthenticationLogic.cs using Guid(83ec6d9927d5c404691a3bbc2887e825) Importer(815301076,1909f56bfc062723c751e8b465ee728b)  -> (artifact id: '93de35396d1c54b0460ddb680ad04c59') in 0.026373 seconds
  Import took 0.048978 seconds .

========================================================================
Received Prepare
Registering precompiled user dll's ...
Registered in 0.016756 seconds.
Begin MonoManager ReloadAssembly
Native extension for WindowsStandalone target not found
Refreshing native plugins compatible for Editor in 0.86 ms, found 4 plugins.
Preloading 0 native plugins for Editor in 0.00 ms.
Invoked RoslynAnalysisRunner static constructor.
RoslynAnalysisRunner will not be running.
RoslynAnalysisRunner has terminated.
Mono: successfully reloaded assembly
- Completed reload, in  1.355 seconds
Platform modules already initialized, skipping
Shader 'Universal Render Pipeline/Particles/Lit': fallback shader 'Universal Render Pipeline/Particles/SimpleLit' not found
Refreshing native plugins compatible for Editor in 0.92 ms, found 4 plugins.
Preloading 0 native plugins for Editor in 0.00 ms.
Unloading 2409 Unused Serialized files (Serialized files now loaded: 0)
System memory in use before: 111.0 MB.
System memory in use after: 111.2 MB.

Unloading 42 unused Assets to reduce memory usage. Loaded Objects now: 2911.
Total: 3.228700 ms (FindLiveObjects: 0.371500 ms CreateObjectMapping: 0.095900 ms MarkObjects: 2.720600 ms  DeleteObjects: 0.038500 ms)

========================================================================
Received Import Request.
  Time since last request: 221.338399 seconds.
  path: Assets/Scripts/GameAuthenticationLogic.cs
  artifactKey: Guid(83ec6d9927d5c404691a3bbc2887e825) Importer(815301076,1909f56bfc062723c751e8b465ee728b)
Start importing Assets/Scripts/GameAuthenticationLogic.cs using Guid(83ec6d9927d5c404691a3bbc2887e825) Importer(815301076,1909f56bfc062723c751e8b465ee728b)  -> (artifact id: 'ba1d42112f6056609e46d1c397b9bdff') in 0.007528 seconds
  Import took 0.012497 seconds .

========================================================================
Received Import Request.
  Time since last request: 2.071718 seconds.
  path: Assets/Scripts/GameDatabaseLogic.cs
  artifactKey: Guid(9f6e29f5480376d48a2beddd4ba0913e) Importer(815301076,1909f56bfc062723c751e8b465ee728b)
Start importing Assets/Scripts/GameDatabaseLogic.cs using Guid(9f6e29f5480376d48a2beddd4ba0913e) Importer(815301076,1909f56bfc062723c751e8b465ee728b)  -> (artifact id: 'd3a1f0848d2c9861b908c66fe9330733') in 0.004305 seconds
  Import took 0.027969 seconds .

========================================================================
Received Import Request.
  Time since last request: 4.449981 seconds.
  path: Assets/Scripts/LuckyMenu.cs
  artifactKey: Guid(f35f583820b995f498b16514944cba3e) Importer(815301076,1909f56bfc062723c751e8b465ee728b)
Start importing Assets/Scripts/LuckyMenu.cs using Guid(f35f583820b995f498b16514944cba3e) Importer(815301076,1909f56bfc062723c751e8b465ee728b)  -> (artifact id: '805ac51324c12fea91b32cfcddc74462') in 0.003843 seconds
  Import took 0.010098 seconds .

========================================================================
Received Import Request.
  Time since last request: 5.390579 seconds.
  path: Assets/Scripts/LuckyTextDisplay.cs
  artifactKey: Guid(6ac462115cfd7be41bf39fc43f2f3378) Importer(815301076,1909f56bfc062723c751e8b465ee728b)
Start importing Assets/Scripts/LuckyTextDisplay.cs using Guid(6ac462115cfd7be41bf39fc43f2f3378) Importer(815301076,1909f56bfc062723c751e8b465ee728b)  -> (artifact id: '5178fbc467762ec7339dcfb07c8df495') in 0.004586 seconds
  Import took 0.020161 seconds .

========================================================================
Received Import Request.
  Time since last request: 0.001289 seconds.
  path: Assets/Scripts/LuckyTextDisplay.cs
  artifactKey: Guid(6ac462115cfd7be41bf39fc43f2f3378) Importer(815301076,1909f56bfc062723c751e8b465ee728b)
Start importing Assets/Scripts/LuckyTextDisplay.cs using Guid(6ac462115cfd7be41bf39fc43f2f3378) Importer(815301076,1909f56bfc062723c751e8b465ee728b)  -> (artifact id: '5178fbc467762ec7339dcfb07c8df495') in 0.003047 seconds
  Import took 0.009251 seconds .

========================================================================
Received Import Request.
  Time since last request: 4.561877 seconds.
  path: Assets/Scripts/MainMenu.cs
  artifactKey: Guid(bf4fa8fbdc09f514aa8d857dd456df4c) Importer(815301076,1909f56bfc062723c751e8b465ee728b)
Start importing Assets/Scripts/MainMenu.cs using Guid(bf4fa8fbdc09f514aa8d857dd456df4c) Importer(815301076,1909f56bfc062723c751e8b465ee728b)  -> (artifact id: '23067ffc394d82c304e781f6397a95a1') in 0.005336 seconds
  Import took 0.010812 seconds .

========================================================================
Received Import Request.
  Time since last request: 9.965685 seconds.
  path: Assets/Scripts/mouseCursor.cs
  artifactKey: Guid(26c38270a7a67714b8819e198b40b568) Importer(815301076,1909f56bfc062723c751e8b465ee728b)
Start importing Assets/Scripts/mouseCursor.cs using Guid(26c38270a7a67714b8819e198b40b568) Importer(815301076,1909f56bfc062723c751e8b465ee728b)  -> (artifact id: '1b654ded9892d759e7044d3d84973d60') in 0.004820 seconds
  Import took 0.024121 seconds .

========================================================================
Received Prepare
Registering precompiled user dll's ...
Registered in 0.018047 seconds.
Begin MonoManager ReloadAssembly
Native extension for WindowsStandalone target not found
Refreshing native plugins compatible for Editor in 0.93 ms, found 4 plugins.
Preloading 0 native plugins for Editor in 0.00 ms.
Invoked RoslynAnalysisRunner static constructor.
RoslynAnalysisRunner will not be running.
RoslynAnalysisRunner has terminated.
Mono: successfully reloaded assembly
- Completed reload, in  1.346 seconds
Platform modules already initialized, skipping
Shader 'Universal Render Pipeline/Particles/Lit': fallback shader 'Universal Render Pipeline/Particles/SimpleLit' not found
Refreshing native plugins compatible for Editor in 0.84 ms, found 4 plugins.
Preloading 0 native plugins for Editor in 0.00 ms.
Unloading 2409 Unused Serialized files (Serialized files now loaded: 0)
System memory in use before: 111.0 MB.
System memory in use after: 111.3 MB.

Unloading 42 unused Assets to reduce memory usage. Loaded Objects now: 2914.
Total: 4.044700 ms (FindLiveObjects: 0.601600 ms CreateObjectMapping: 0.111800 ms MarkObjects: 3.284300 ms  DeleteObjects: 0.044000 ms)

========================================================================
Received Import Request.
  Time since last request: 85.066482 seconds.
  path: Assets/Scripts/MainMenu.cs
  artifactKey: Guid(bf4fa8fbdc09f514aa8d857dd456df4c) Importer(815301076,1909f56bfc062723c751e8b465ee728b)
Start importing Assets/Scripts/MainMenu.cs using Guid(bf4fa8fbdc09f514aa8d857dd456df4c) Importer(815301076,1909f56bfc062723c751e8b465ee728b)  -> (artifact id: '89fe1af0ca573c46f5f43565adb050e8') in 0.007935 seconds
  Import took 0.012998 seconds .

========================================================================
Received Import Request.
  Time since last request: 0.463864 seconds.
  path: Assets/Scripts/PauseMenu.cs
  artifactKey: Guid(889e26f417d761e43a2c4814938494ad) Importer(815301076,1909f56bfc062723c751e8b465ee728b)
Start importing Assets/Scripts/PauseMenu.cs using Guid(889e26f417d761e43a2c4814938494ad) Importer(815301076,1909f56bfc062723c751e8b465ee728b)  -> (artifact id: 'e1ed7372ade5e2db99dafe952284b4bf') in 0.004486 seconds
  Import took 0.037386 seconds .

========================================================================
Received Import Request.
  Time since last request: 0.005458 seconds.
  path: Assets/Scripts/PauseMenu.cs
  artifactKey: Guid(889e26f417d761e43a2c4814938494ad) Importer(815301076,1909f56bfc062723c751e8b465ee728b)
Start importing Assets/Scripts/PauseMenu.cs using Guid(889e26f417d761e43a2c4814938494ad) Importer(815301076,1909f56bfc062723c751e8b465ee728b)  -> (artifact id: 'e1ed7372ade5e2db99dafe952284b4bf') in 0.004058 seconds
  Import took 0.009926 seconds .

========================================================================
Received Prepare
Registering precompiled user dll's ...
Registered in 0.020936 seconds.
Begin MonoManager ReloadAssembly
Native extension for WindowsStandalone target not found
Refreshing native plugins compatible for Editor in 0.87 ms, found 4 plugins.
Preloading 0 native plugins for Editor in 0.00 ms.
Invoked RoslynAnalysisRunner static constructor.
RoslynAnalysisRunner will not be running.
RoslynAnalysisRunner has terminated.
Mono: successfully reloaded assembly
- Completed reload, in  1.490 seconds
Platform modules already initialized, skipping
Shader 'Universal Render Pipeline/Particles/Lit': fallback shader 'Universal Render Pipeline/Particles/SimpleLit' not found
Refreshing native plugins compatible for Editor in 1.08 ms, found 4 plugins.
Preloading 0 native plugins for Editor in 0.00 ms.
Unloading 2409 Unused Serialized files (Serialized files now loaded: 0)
System memory in use before: 111.1 MB.
System memory in use after: 111.3 MB.

Unloading 42 unused Assets to reduce memory usage. Loaded Objects now: 2917.
Total: 3.482200 ms (FindLiveObjects: 0.361700 ms CreateObjectMapping: 0.090000 ms MarkObjects: 2.983300 ms  DeleteObjects: 0.045100 ms)

========================================================================
Received Import Request.
  Time since last request: 23.241048 seconds.
  path: Assets/Scripts/PauseMenu.cs
  artifactKey: Guid(889e26f417d761e43a2c4814938494ad) Importer(815301076,1909f56bfc062723c751e8b465ee728b)
Start importing Assets/Scripts/PauseMenu.cs using Guid(889e26f417d761e43a2c4814938494ad) Importer(815301076,1909f56bfc062723c751e8b465ee728b)  -> (artifact id: '6da8efa500459043afca0daf226bfc84') in 0.029497 seconds
  Import took 0.034667 seconds .

========================================================================
Received Import Request.
  Time since last request: 0.000227 seconds.
  path: Assets/Scripts/Player1Details.cs
  artifactKey: Guid(490dd84d67c114848bb942c8ba37e065) Importer(815301076,1909f56bfc062723c751e8b465ee728b)
Start importing Assets/Scripts/Player1Details.cs using Guid(490dd84d67c114848bb942c8ba37e065) Importer(815301076,1909f56bfc062723c751e8b465ee728b)  -> (artifact id: '98619b3c5ff8ef9c301ba05fe20707bc') in 0.003801 seconds
  Import took 0.008559 seconds .

========================================================================
Received Import Request.
  Time since last request: 4.333464 seconds.
  path: Assets/Scripts/Player1Piece.cs
  artifactKey: Guid(816f57e6d29237a4b8b4732d8a1df3a2) Importer(815301076,1909f56bfc062723c751e8b465ee728b)
Start importing Assets/Scripts/Player1Piece.cs using Guid(816f57e6d29237a4b8b4732d8a1df3a2) Importer(815301076,1909f56bfc062723c751e8b465ee728b)  -> (artifact id: '1482394b38de9cadc6519b56145613df') in 0.004108 seconds
  Import took 0.008823 seconds .

========================================================================
Received Import Request.
  Time since last request: 0.014937 seconds.
  path: Assets/Scripts/Player1Piece.cs
  artifactKey: Guid(816f57e6d29237a4b8b4732d8a1df3a2) Importer(815301076,1909f56bfc062723c751e8b465ee728b)
Start importing Assets/Scripts/Player1Piece.cs using Guid(816f57e6d29237a4b8b4732d8a1df3a2) Importer(815301076,1909f56bfc062723c751e8b465ee728b)  -> (artifact id: '1482394b38de9cadc6519b56145613df') in 0.003750 seconds
  Import took 0.010214 seconds .

========================================================================
Received Prepare
Registering precompiled user dll's ...
Registered in 0.019292 seconds.
Begin MonoManager ReloadAssembly
Native extension for WindowsStandalone target not found
Refreshing native plugins compatible for Editor in 0.85 ms, found 4 plugins.
Preloading 0 native plugins for Editor in 0.00 ms.
Invoked RoslynAnalysisRunner static constructor.
RoslynAnalysisRunner will not be running.
RoslynAnalysisRunner has terminated.
Mono: successfully reloaded assembly
- Completed reload, in  1.328 seconds
Platform modules already initialized, skipping
Shader 'Universal Render Pipeline/Particles/Lit': fallback shader 'Universal Render Pipeline/Particles/SimpleLit' not found
Refreshing native plugins compatible for Editor in 0.91 ms, found 4 plugins.
Preloading 0 native plugins for Editor in 0.00 ms.
Unloading 2409 Unused Serialized files (Serialized files now loaded: 0)
System memory in use before: 111.1 MB.
System memory in use after: 111.3 MB.

Unloading 42 unused Assets to reduce memory usage. Loaded Objects now: 2920.
Total: 2.810900 ms (FindLiveObjects: 0.341700 ms CreateObjectMapping: 0.076800 ms MarkObjects: 2.354000 ms  DeleteObjects: 0.036800 ms)

========================================================================
Received Import Request.
  Time since last request: 102.219866 seconds.
  path: Assets/Scripts/Player2Details.cs
  artifactKey: Guid(1474f31aae3f91c4d8e4d6408752e507) Importer(815301076,1909f56bfc062723c751e8b465ee728b)
Start importing Assets/Scripts/Player2Details.cs using Guid(1474f31aae3f91c4d8e4d6408752e507) Importer(815301076,1909f56bfc062723c751e8b465ee728b)  -> (artifact id: '4a0177f3031ab493dd1ad3c96209ee64') in 0.081990 seconds
  Import took 0.095319 seconds .

========================================================================
Received Import Request.
  Time since last request: 0.000260 seconds.
  path: Assets/Scripts/Player1Piece.cs
  artifactKey: Guid(816f57e6d29237a4b8b4732d8a1df3a2) Importer(815301076,1909f56bfc062723c751e8b465ee728b)
Start importing Assets/Scripts/Player1Piece.cs using Guid(816f57e6d29237a4b8b4732d8a1df3a2) Importer(815301076,1909f56bfc062723c751e8b465ee728b)  -> (artifact id: '3df6c032b8417fbcbe166a20cc60b5eb') in 0.033594 seconds
  Import took 0.038737 seconds .

========================================================================
Received Import Request.
  Time since last request: 4.518235 seconds.
  path: Assets/Scripts/Player2Piece.cs
  artifactKey: Guid(13e9a2a3ccfa045438fe28f9169d4a9e) Importer(815301076,1909f56bfc062723c751e8b465ee728b)
Start importing Assets/Scripts/Player2Piece.cs using Guid(13e9a2a3ccfa045438fe28f9169d4a9e) Importer(815301076,1909f56bfc062723c751e8b465ee728b)  -> (artifact id: '17ecc361e8992f356561663d14d0b645') in 0.003554 seconds
  Import took 0.140505 seconds .

========================================================================
Received Prepare
Registering precompiled user dll's ...
Registered in 0.017854 seconds.
Begin MonoManager ReloadAssembly
Native extension for WindowsStandalone target not found
Refreshing native plugins compatible for Editor in 1.22 ms, found 4 plugins.
Preloading 0 native plugins for Editor in 0.00 ms.
Invoked RoslynAnalysisRunner static constructor.
RoslynAnalysisRunner will not be running.
RoslynAnalysisRunner has terminated.
Mono: successfully reloaded assembly
- Completed reload, in  1.502 seconds
Platform modules already initialized, skipping
Shader 'Universal Render Pipeline/Particles/Lit': fallback shader 'Universal Render Pipeline/Particles/SimpleLit' not found
Refreshing native plugins compatible for Editor in 0.99 ms, found 4 plugins.
Preloading 0 native plugins for Editor in 0.00 ms.
Unloading 2409 Unused Serialized files (Serialized files now loaded: 0)
System memory in use before: 111.0 MB.
System memory in use after: 111.2 MB.

Unloading 42 unused Assets to reduce memory usage. Loaded Objects now: 2923.
Total: 4.808400 ms (FindLiveObjects: 0.564700 ms CreateObjectMapping: 0.470500 ms MarkObjects: 3.730900 ms  DeleteObjects: 0.040400 ms)

========================================================================
Received Import Request.
  Time since last request: 44.297763 seconds.
  path: Assets/Scripts/Player2Piece.cs
  artifactKey: Guid(13e9a2a3ccfa045438fe28f9169d4a9e) Importer(815301076,1909f56bfc062723c751e8b465ee728b)
Start importing Assets/Scripts/Player2Piece.cs using Guid(13e9a2a3ccfa045438fe28f9169d4a9e) Importer(815301076,1909f56bfc062723c751e8b465ee728b)  -> (artifact id: '0faeab7dbaee228c13092025ed79046c') in 0.008229 seconds
  Import took 0.036962 seconds .

========================================================================
Received Import Request.
  Time since last request: 4.689129 seconds.
  path: Assets/Scripts/PromptMenu.cs
  artifactKey: Guid(d5039e5e0648e2342a29f154b6856354) Importer(815301076,1909f56bfc062723c751e8b465ee728b)
Start importing Assets/Scripts/PromptMenu.cs using Guid(d5039e5e0648e2342a29f154b6856354) Importer(815301076,1909f56bfc062723c751e8b465ee728b)  -> (artifact id: 'e06821f35dc8b66d3b9ae5add81063a0') in 0.004360 seconds
  Import took 0.011284 seconds .

========================================================================
Received Import Request.
  Time since last request: 3.678181 seconds.
  path: Assets/Scripts/PromptText.cs
  artifactKey: Guid(bebfe68ad743b044285177b3a9f93acd) Importer(815301076,1909f56bfc062723c751e8b465ee728b)
Start importing Assets/Scripts/PromptText.cs using Guid(bebfe68ad743b044285177b3a9f93acd) Importer(815301076,1909f56bfc062723c751e8b465ee728b)  -> (artifact id: 'b08aa9c8dcaacf37f7e7b5434021ff28') in 0.004843 seconds
  Import took 0.009892 seconds .

========================================================================
Received Prepare
Registering precompiled user dll's ...
Registered in 0.019926 seconds.
Begin MonoManager ReloadAssembly
Native extension for WindowsStandalone target not found
Refreshing native plugins compatible for Editor in 1.27 ms, found 4 plugins.
Preloading 0 native plugins for Editor in 0.00 ms.
Invoked RoslynAnalysisRunner static constructor.
RoslynAnalysisRunner will not be running.
RoslynAnalysisRunner has terminated.
Mono: successfully reloaded assembly
- Completed reload, in  1.442 seconds
Platform modules already initialized, skipping
Shader 'Universal Render Pipeline/Particles/Lit': fallback shader 'Universal Render Pipeline/Particles/SimpleLit' not found
Refreshing native plugins compatible for Editor in 0.99 ms, found 4 plugins.
Preloading 0 native plugins for Editor in 0.00 ms.
Unloading 2409 Unused Serialized files (Serialized files now loaded: 0)
System memory in use before: 111.1 MB.
System memory in use after: 111.3 MB.

Unloading 42 unused Assets to reduce memory usage. Loaded Objects now: 2926.
Total: 2.672100 ms (FindLiveObjects: 0.334600 ms CreateObjectMapping: 0.072800 ms MarkObjects: 2.230100 ms  DeleteObjects: 0.033400 ms)

========================================================================
Received Import Request.
  Time since last request: 19.969965 seconds.
  path: Assets/Scripts/RooomsssLogic.cs
  artifactKey: Guid(b28ecd236cdcd314390c5925e9b47714) Importer(815301076,1909f56bfc062723c751e8b465ee728b)
Start importing Assets/Scripts/RooomsssLogic.cs using Guid(b28ecd236cdcd314390c5925e9b47714) Importer(815301076,1909f56bfc062723c751e8b465ee728b)  -> (artifact id: '906a20cb8de25466771ec4107289187b') in 0.008574 seconds
  Import took 0.013545 seconds .

========================================================================
Received Import Request.
  Time since last request: 0.000226 seconds.
  path: Assets/Scripts/PromptText.cs
  artifactKey: Guid(bebfe68ad743b044285177b3a9f93acd) Importer(815301076,1909f56bfc062723c751e8b465ee728b)
Start importing Assets/Scripts/PromptText.cs using Guid(bebfe68ad743b044285177b3a9f93acd) Importer(815301076,1909f56bfc062723c751e8b465ee728b)  -> (artifact id: 'aa0b9afc1cc4317a15443ce3ec302752') in 0.016548 seconds
  Import took 0.021973 seconds .

========================================================================
Received Prepare
Registering precompiled user dll's ...
Registered in 0.028373 seconds.
Begin MonoManager ReloadAssembly
Native extension for WindowsStandalone target not found
Refreshing native plugins compatible for Editor in 1.32 ms, found 4 plugins.
Preloading 0 native plugins for Editor in 0.00 ms.
Invoked RoslynAnalysisRunner static constructor.
RoslynAnalysisRunner will not be running.
RoslynAnalysisRunner has terminated.
Mono: successfully reloaded assembly
- Completed reload, in  1.661 seconds
Platform modules already initialized, skipping
Shader 'Universal Render Pipeline/Particles/Lit': fallback shader 'Universal Render Pipeline/Particles/SimpleLit' not found
Refreshing native plugins compatible for Editor in 0.85 ms, found 4 plugins.
Preloading 0 native plugins for Editor in 0.00 ms.
Unloading 2409 Unused Serialized files (Serialized files now loaded: 0)
System memory in use before: 111.1 MB.
System memory in use after: 111.3 MB.

Unloading 42 unused Assets to reduce memory usage. Loaded Objects now: 2929.
Total: 3.860200 ms (FindLiveObjects: 0.715700 ms CreateObjectMapping: 0.115300 ms MarkObjects: 2.987100 ms  DeleteObjects: 0.040400 ms)

========================================================================
Received Import Request.
  Time since last request: 12.692906 seconds.
  path: Assets/Scripts/RooomsssLogic.cs
  artifactKey: Guid(b28ecd236cdcd314390c5925e9b47714) Importer(815301076,1909f56bfc062723c751e8b465ee728b)
Start importing Assets/Scripts/RooomsssLogic.cs using Guid(b28ecd236cdcd314390c5925e9b47714) Importer(815301076,1909f56bfc062723c751e8b465ee728b)  -> (artifact id: '265c592a103c194b64a8719fb746abf2') in 0.007586 seconds
  Import took 0.022468 seconds .

========================================================================
Received Import Request.
  Time since last request: 0.000239 seconds.
  path: Assets/Scripts/StateManager.cs
  artifactKey: Guid(856575ef55fd4464c8e1dd3792bf247e) Importer(815301076,1909f56bfc062723c751e8b465ee728b)
Start importing Assets/Scripts/StateManager.cs using Guid(856575ef55fd4464c8e1dd3792bf247e) Importer(815301076,1909f56bfc062723c751e8b465ee728b)  -> (artifact id: '4fd56cfd2da98ece9a6ad5f00b1df8e1') in 0.023361 seconds
  Import took 0.029177 seconds .

========================================================================
Received Prepare
Registering precompiled user dll's ...
Registered in 0.019913 seconds.
Begin MonoManager ReloadAssembly
Native extension for WindowsStandalone target not found
Refreshing native plugins compatible for Editor in 1.14 ms, found 4 plugins.
Preloading 0 native plugins for Editor in 0.00 ms.
Invoked RoslynAnalysisRunner static constructor.
RoslynAnalysisRunner will not be running.
RoslynAnalysisRunner has terminated.
Mono: successfully reloaded assembly
- Completed reload, in  1.527 seconds
Platform modules already initialized, skipping
Shader 'Universal Render Pipeline/Particles/Lit': fallback shader 'Universal Render Pipeline/Particles/SimpleLit' not found
Refreshing native plugins compatible for Editor in 0.85 ms, found 4 plugins.
Preloading 0 native plugins for Editor in 0.00 ms.
Unloading 2409 Unused Serialized files (Serialized files now loaded: 0)
System memory in use before: 111.1 MB.
System memory in use after: 111.3 MB.

Unloading 42 unused Assets to reduce memory usage. Loaded Objects now: 2932.
Total: 3.092500 ms (FindLiveObjects: 0.510300 ms CreateObjectMapping: 0.143600 ms MarkObjects: 2.380900 ms  DeleteObjects: 0.055400 ms)

========================================================================
Received Import Request.
  Time since last request: 15.400226 seconds.
  path: Assets/Scripts/Tile.cs
  artifactKey: Guid(34c8e6cd23007ca498a34da22471fc8c) Importer(815301076,1909f56bfc062723c751e8b465ee728b)
Start importing Assets/Scripts/Tile.cs using Guid(34c8e6cd23007ca498a34da22471fc8c) Importer(815301076,1909f56bfc062723c751e8b465ee728b)  -> (artifact id: 'b2325f8f22a8d051f7e64721a0731312') in 0.008780 seconds
  Import took 0.014185 seconds .

========================================================================
Received Import Request.
  Time since last request: 0.000245 seconds.
  path: Assets/Scripts/StateManager.cs
  artifactKey: Guid(856575ef55fd4464c8e1dd3792bf247e) Importer(815301076,1909f56bfc062723c751e8b465ee728b)
Start importing Assets/Scripts/StateManager.cs using Guid(856575ef55fd4464c8e1dd3792bf247e) Importer(815301076,1909f56bfc062723c751e8b465ee728b)  -> (artifact id: '6fda6ee8c358d098d7e0649e1b693ece') in 0.003120 seconds
  Import took 0.008064 seconds .

========================================================================
Received Prepare
Registering precompiled user dll's ...
Registered in 0.019304 seconds.
Begin MonoManager ReloadAssembly
Native extension for WindowsStandalone target not found
Refreshing native plugins compatible for Editor in 1.12 ms, found 4 plugins.
Preloading 0 native plugins for Editor in 0.00 ms.
Invoked RoslynAnalysisRunner static constructor.
RoslynAnalysisRunner will not be running.
RoslynAnalysisRunner has terminated.
Mono: successfully reloaded assembly
- Completed reload, in  1.468 seconds
Platform modules already initialized, skipping
Shader 'Universal Render Pipeline/Particles/Lit': fallback shader 'Universal Render Pipeline/Particles/SimpleLit' not found
Refreshing native plugins compatible for Editor in 0.86 ms, found 4 plugins.
Preloading 0 native plugins for Editor in 0.00 ms.
Unloading 2409 Unused Serialized files (Serialized files now loaded: 0)
System memory in use before: 111.1 MB.
System memory in use after: 111.3 MB.

Unloading 42 unused Assets to reduce memory usage. Loaded Objects now: 2935.
Total: 3.087400 ms (FindLiveObjects: 0.367000 ms CreateObjectMapping: 0.087500 ms MarkObjects: 2.596100 ms  DeleteObjects: 0.035200 ms)

========================================================================
Received Import Request.
  Time since last request: 18.918586 seconds.
  path: Assets/Scripts/Tile.cs
  artifactKey: Guid(34c8e6cd23007ca498a34da22471fc8c) Importer(815301076,1909f56bfc062723c751e8b465ee728b)
Start importing Assets/Scripts/Tile.cs using Guid(34c8e6cd23007ca498a34da22471fc8c) Importer(815301076,1909f56bfc062723c751e8b465ee728b)  -> (artifact id: 'c7c41c867861b55c00bdbb8a1a18d290') in 0.007638 seconds
  Import took 0.033837 seconds .

========================================================================
Received Import Request.
  Time since last request: 0.000247 seconds.
  path: Assets/Scripts/UserModelClass.cs
  artifactKey: Guid(2ff09f6d01f77924fb40bce3d44af3ed) Importer(815301076,1909f56bfc062723c751e8b465ee728b)
Start importing Assets/Scripts/UserModelClass.cs using Guid(2ff09f6d01f77924fb40bce3d44af3ed) Importer(815301076,1909f56bfc062723c751e8b465ee728b)  -> (artifact id: 'a51e34f6e9f6ff1f00eae85325c005dc') in 0.003511 seconds
  Import took 0.017254 seconds .

========================================================================
Received Import Request.
  Time since last request: 1.098806 seconds.
  path: Assets/Scripts/WinnerText.cs
  artifactKey: Guid(fe73008576428ee4c9f70af9b850287a) Importer(815301076,1909f56bfc062723c751e8b465ee728b)
Start importing Assets/Scripts/WinnerText.cs using Guid(fe73008576428ee4c9f70af9b850287a) Importer(815301076,1909f56bfc062723c751e8b465ee728b)  -> (artifact id: 'bfd4f3ac31540237444a2058985dcef8') in 0.004752 seconds
  Import took 0.072912 seconds .

========================================================================
Received Import Request.
  Time since last request: 2.281551 seconds.
  path: Assets/Scripts/WinningMenu.cs
  artifactKey: Guid(7812878719ad2b342b911fb847551fd0) Importer(815301076,1909f56bfc062723c751e8b465ee728b)
Start importing Assets/Scripts/WinningMenu.cs using Guid(7812878719ad2b342b911fb847551fd0) Importer(815301076,1909f56bfc062723c751e8b465ee728b)  -> (artifact id: '92b15bafe7c32a66b8bb048ba013bf00') in 0.005438 seconds
  Import took 0.011471 seconds .

========================================================================
Received Prepare
Registering precompiled user dll's ...
Registered in 0.018564 seconds.
Begin MonoManager ReloadAssembly
Native extension for WindowsStandalone target not found
Refreshing native plugins compatible for Editor in 0.89 ms, found 4 plugins.
Preloading 0 native plugins for Editor in 0.00 ms.
Invoked RoslynAnalysisRunner static constructor.
RoslynAnalysisRunner will not be running.
RoslynAnalysisRunner has terminated.
Mono: successfully reloaded assembly
- Completed reload, in  1.489 seconds
Platform modules already initialized, skipping
Shader 'Universal Render Pipeline/Particles/Lit': fallback shader 'Universal Render Pipeline/Particles/SimpleLit' not found
Refreshing native plugins compatible for Editor in 0.86 ms, found 4 plugins.
Preloading 0 native plugins for Editor in 0.00 ms.
Unloading 2409 Unused Serialized files (Serialized files now loaded: 0)
System memory in use before: 111.0 MB.
System memory in use after: 111.2 MB.

Unloading 42 unused Assets to reduce memory usage. Loaded Objects now: 2938.
Total: 4.528300 ms (FindLiveObjects: 0.604900 ms CreateObjectMapping: 0.338500 ms MarkObjects: 3.536000 ms  DeleteObjects: 0.046800 ms)

========================================================================
Received Import Request.
  Time since last request: 110.043024 seconds.
  path: Assets/Scripts/WinningMenu.cs
  artifactKey: Guid(7812878719ad2b342b911fb847551fd0) Importer(815301076,1909f56bfc062723c751e8b465ee728b)
Start importing Assets/Scripts/WinningMenu.cs using Guid(7812878719ad2b342b911fb847551fd0) Importer(815301076,1909f56bfc062723c751e8b465ee728b)  -> (artifact id: '96103eccffeb4c5c34456f5d0074cc91') in 0.006712 seconds
  Import took 0.013831 seconds .

========================================================================
Received Import Request.
  Time since last request: 12.697370 seconds.
  path: Assets/Scenes/Menu.unity
  artifactKey: Guid(6aea35c5f0c286c4282506964c73457f) Importer(815301076,1909f56bfc062723c751e8b465ee728b)
Start importing Assets/Scenes/Menu.unity using Guid(6aea35c5f0c286c4282506964c73457f) Importer(815301076,1909f56bfc062723c751e8b465ee728b)  -> (artifact id: '744e5a1ea66cc0b0046f7d04e9a8790b') in 0.014624 seconds
  Import took 0.046142 seconds .

========================================================================
Received Prepare
Registering precompiled user dll's ...
Registered in 0.017850 seconds.
Begin MonoManager ReloadAssembly
Native extension for WindowsStandalone target not found
Refreshing native plugins compatible for Editor in 0.86 ms, found 4 plugins.
Preloading 0 native plugins for Editor in 0.00 ms.
Invoked RoslynAnalysisRunner static constructor.
RoslynAnalysisRunner will not be running.
RoslynAnalysisRunner has terminated.
Mono: successfully reloaded assembly
- Completed reload, in  1.269 seconds
Platform modules already initialized, skipping
Shader 'Universal Render Pipeline/Particles/Lit': fallback shader 'Universal Render Pipeline/Particles/SimpleLit' not found
Refreshing native plugins compatible for Editor in 0.86 ms, found 4 plugins.
Preloading 0 native plugins for Editor in 0.00 ms.
Unloading 2409 Unused Serialized files (Serialized files now loaded: 0)
System memory in use before: 111.1 MB.
System memory in use after: 111.4 MB.

Unloading 42 unused Assets to reduce memory usage. Loaded Objects now: 2941.
Total: 3.205900 ms (FindLiveObjects: 0.369000 ms CreateObjectMapping: 0.093700 ms MarkObjects: 2.694000 ms  DeleteObjects: 0.046800 ms)

========================================================================
Received Prepare
Shader 'Universal Render Pipeline/Particles/Lit': fallback shader 'Universal Render Pipeline/Particles/SimpleLit' not found
Refreshing native plugins compatible for Editor in 12.03 ms, found 4 plugins.
Preloading 0 native plugins for Editor in 0.00 ms.
Unloading 40 Unused Serialized files (Serialized files now loaded: 0)
System memory in use before: 64.4 MB.
System memory in use after: 64.6 MB.

Unloading 40 unused Assets to reduce memory usage. Loaded Objects now: 2941.
Total: 4.476500 ms (FindLiveObjects: 0.514500 ms CreateObjectMapping: 0.128900 ms MarkObjects: 3.791300 ms  DeleteObjects: 0.039800 ms)

========================================================================
Received Prepare
Registering precompiled user dll's ...
Registered in 0.223107 seconds.
Begin MonoManager ReloadAssembly
Native extension for WindowsStandalone target not found
Refreshing native plugins compatible for Editor in 0.92 ms, found 4 plugins.
Preloading 0 native plugins for Editor in 0.00 ms.
Invoked RoslynAnalysisRunner static constructor.
RoslynAnalysisRunner will not be running.
RoslynAnalysisRunner has terminated.
Mono: successfully reloaded assembly
- Completed reload, in  1.572 seconds
Platform modules already initialized, skipping
Shader 'Universal Render Pipeline/Particles/Lit': fallback shader 'Universal Render Pipeline/Particles/SimpleLit' not found
Refreshing native plugins compatible for Editor in 1.22 ms, found 4 plugins.
Preloading 0 native plugins for Editor in 0.00 ms.
Unloading 2409 Unused Serialized files (Serialized files now loaded: 0)
System memory in use before: 111.1 MB.
System memory in use after: 111.4 MB.

Unloading 42 unused Assets to reduce memory usage. Loaded Objects now: 2944.
Total: 3.093500 ms (FindLiveObjects: 0.354800 ms CreateObjectMapping: 0.090200 ms MarkObjects: 2.609500 ms  DeleteObjects: 0.037500 ms)

========================================================================
Received Prepare
Registering precompiled user dll's ...
Registered in 0.016365 seconds.
Begin MonoManager ReloadAssembly
Native extension for WindowsStandalone target not found
Refreshing native plugins compatible for Editor in 1.20 ms, found 4 plugins.
Preloading 0 native plugins for Editor in 0.00 ms.
Invoked RoslynAnalysisRunner static constructor.
RoslynAnalysisRunner will not be running.
RoslynAnalysisRunner has terminated.
Mono: successfully reloaded assembly
- Completed reload, in  1.345 seconds
Platform modules already initialized, skipping
Shader 'Universal Render Pipeline/Particles/Lit': fallback shader 'Universal Render Pipeline/Particles/SimpleLit' not found
Refreshing native plugins compatible for Editor in 0.99 ms, found 4 plugins.
Preloading 0 native plugins for Editor in 0.00 ms.
Unloading 2409 Unused Serialized files (Serialized files now loaded: 0)
System memory in use before: 111.1 MB.
System memory in use after: 111.4 MB.

Unloading 42 unused Assets to reduce memory usage. Loaded Objects now: 2947.
Total: 3.774400 ms (FindLiveObjects: 0.362200 ms CreateObjectMapping: 0.088300 ms MarkObjects: 3.280000 ms  DeleteObjects: 0.041800 ms)

========================================================================
Received Prepare
Registering precompiled user dll's ...
Registered in 0.035257 seconds.
Begin MonoManager ReloadAssembly
Native extension for WindowsStandalone target not found
Refreshing native plugins compatible for Editor in 0.90 ms, found 4 plugins.
Preloading 0 native plugins for Editor in 0.00 ms.
Invoked RoslynAnalysisRunner static constructor.
RoslynAnalysisRunner will not be running.
RoslynAnalysisRunner has terminated.
Mono: successfully reloaded assembly
- Completed reload, in  1.571 seconds
Platform modules already initialized, skipping
Shader 'Universal Render Pipeline/Particles/Lit': fallback shader 'Universal Render Pipeline/Particles/SimpleLit' not found
Refreshing native plugins compatible for Editor in 0.89 ms, found 4 plugins.
Preloading 0 native plugins for Editor in 0.00 ms.
Unloading 2409 Unused Serialized files (Serialized files now loaded: 0)
System memory in use before: 111.1 MB.
System memory in use after: 111.4 MB.

Unloading 42 unused Assets to reduce memory usage. Loaded Objects now: 2950.
Total: 4.592400 ms (FindLiveObjects: 0.382200 ms CreateObjectMapping: 0.079000 ms MarkObjects: 4.074100 ms  DeleteObjects: 0.054500 ms)

